###############################################################################
#                                                                             #
# IAR C/C++ Compiler V8.10.3.10338/W32 for 8051         11/Jul/2018  20:53:01 #
# Copyright 2004-2011 IAR Systems AB.                                         #
#                                                                             #
#    Core               =  plain                                              #
#    Code model         =  banked                                             #
#    Data model         =  large                                              #
#    Calling convention =  xdata reentrant                                    #
#    Constant location  =  data_rom                                           #
#    Dptr setup         =  1,16                                               #
#    Source file        =  D:\hardware\logger\logger\Projects\zstack\Samples\ #
#                          GenericApp\Source\router.c                         #
#    Command line       =  -f D:\hardware\logger\logger\Projects\zstack\Sampl #
#                          es\GenericApp\CC2530DB\..\..\..\Tools\CC2530DB\f8w #
#                          Router.cfg (-DCPU32MHZ -DROOT=__near_func          #
#                          -DMAC_CFG_APP_PENDING_QUEUE=TRUE                   #
#                          -DMAC_CFG_TX_DATA_MAX=5 -DMAC_CFG_TX_MAX=8         #
#                          -DMAC_CFG_RX_MAX=5 -DRTR_NWK) -f                   #
#                          D:\hardware\logger\logger\Projects\zstack\Samples\ #
#                          GenericApp\CC2530DB\..\..\..\Tools\CC2530DB\f8wCon #
#                          fig.cfg (-DZIGBEEPRO -DSECURE=0                    #
#                          -DZG_SECURE_DYNAMIC=0 -DREFLECTOR                  #
#                          -DDEFAULT_CHANLIST=0x00000800                      #
#                          -DZDAPP_CONFIG_PAN_ID=0xFFFF                       #
#                          -DNWK_START_DELAY=100 -DEXTENDED_JOINING_RANDOM_MA #
#                          SK=0x007F -DBEACON_REQUEST_DELAY=100               #
#                          -DBEACON_REQ_DELAY_MASK=0x00FF                     #
#                          -DLINK_STATUS_JITTER_MASK=0x007F                   #
#                          -DROUTE_EXPIRY_TIME=30 -DAPSC_ACK_WAIT_DURATION_PO #
#                          LLED=3000 -DNWK_INDIRECT_MSG_TIMEOUT=7             #
#                          -DMAX_RREQ_ENTRIES=8 -DAPSC_MAX_FRAME_RETRIES=3    #
#                          -DNWK_MAX_DATA_RETRIES=2                           #
#                          -DMAX_POLL_FAILURE_RETRIES=2 -DMAX_BCAST=9         #
#                          -DAPS_MAX_GROUPS=16 -DMAX_RTG_ENTRIES=40           #
#                          -DNWK_MAX_BINDING_ENTRIES=4                        #
#                          -DMAX_BINDING_CLUSTER_IDS=4 "-DDEFAULT_KEY={0x01,  #
#                          0x03, 0x05, 0x07, 0x09, 0x0B, 0x0D, 0x0F, 0x00,    #
#                          0x02, 0x04, 0x06, 0x08, 0x0A, 0x0C, 0x0D}"         #
#                          -DMAC_MAX_FRAME_SIZE=116                           #
#                          -DZDNWKMGR_MIN_TRANSMISSIONS=20 "-DCONST=const     #
#                          __code" -DGENERIC=__generic                        #
#                          -DRFD_RCVC_ALWAYS_ON=FALSE -DPOLL_RATE=1000        #
#                          -DQUEUED_POLL_RATE=100 -DRESPONSE_POLL_RATE=100)   #
#                          -DREJOIN_POLL_RATE=440 D:\hardware\logger\logger\P #
#                          rojects\zstack\Samples\GenericApp\Source\router.c  #
#                          -D ZTOOL_P1 -D MT_TASK -D MT_SYS_FUNC -D           #
#                          MT_ZDO_FUNC -D LCD_SUPPORTED=DEBUG -lC             #
#                          D:\hardware\logger\logger\Projects\zstack\Samples\ #
#                          GenericApp\CC2530DB\RouterEB\List\ -lA             #
#                          D:\hardware\logger\logger\Projects\zstack\Samples\ #
#                          GenericApp\CC2530DB\RouterEB\List\                 #
#                          --diag_suppress Pe001,Pa010 -o                     #
#                          D:\hardware\logger\logger\Projects\zstack\Samples\ #
#                          GenericApp\CC2530DB\RouterEB\Obj\ -e               #
#                          --no_code_motion --debug --core=plain --dptr=16,1  #
#                          --data_model=large --code_model=banked             #
#                          --calling_convention=xdata_reentrant               #
#                          --place_constants=data_rom --nr_virtual_regs 16    #
#                          -I D:\hardware\logger\logger\Projects\zstack\Sampl #
#                          es\GenericApp\CC2530DB\ -I                         #
#                          D:\hardware\logger\logger\Projects\zstack\Samples\ #
#                          GenericApp\CC2530DB\..\Source\ -I                  #
#                          D:\hardware\logger\logger\Projects\zstack\Samples\ #
#                          GenericApp\CC2530DB\..\..\..\ZMain\TI2530DB\ -I    #
#                          D:\hardware\logger\logger\Projects\zstack\Samples\ #
#                          GenericApp\CC2530DB\..\..\..\..\..\Components\hal\ #
#                          include\ -I D:\hardware\logger\logger\Projects\zst #
#                          ack\Samples\GenericApp\CC2530DB\..\..\..\..\..\Com #
#                          ponents\hal\target\CC2530EB\ -I                    #
#                          D:\hardware\logger\logger\Projects\zstack\Samples\ #
#                          GenericApp\CC2530DB\..\..\..\..\..\Components\mac\ #
#                          include\ -I D:\hardware\logger\logger\Projects\zst #
#                          ack\Samples\GenericApp\CC2530DB\..\..\..\..\..\Com #
#                          ponents\mac\high_level\ -I                         #
#                          D:\hardware\logger\logger\Projects\zstack\Samples\ #
#                          GenericApp\CC2530DB\..\..\..\..\..\Components\mac\ #
#                          low_level\srf04\ -I D:\hardware\logger\logger\Proj #
#                          ects\zstack\Samples\GenericApp\CC2530DB\..\..\..\. #
#                          .\..\Components\mac\low_level\srf04\single_chip\   #
#                          -I D:\hardware\logger\logger\Projects\zstack\Sampl #
#                          es\GenericApp\CC2530DB\..\..\..\..\..\Components\m #
#                          t\ -I D:\hardware\logger\logger\Projects\zstack\Sa #
#                          mples\GenericApp\CC2530DB\..\..\..\..\..\Component #
#                          s\osal\include\ -I D:\hardware\logger\logger\Proje #
#                          cts\zstack\Samples\GenericApp\CC2530DB\..\..\..\.. #
#                          \..\Components\services\saddr\ -I                  #
#                          D:\hardware\logger\logger\Projects\zstack\Samples\ #
#                          GenericApp\CC2530DB\..\..\..\..\..\Components\serv #
#                          ices\sdata\ -I D:\hardware\logger\logger\Projects\ #
#                          zstack\Samples\GenericApp\CC2530DB\..\..\..\..\..\ #
#                          Components\stack\af\ -I D:\hardware\logger\logger\ #
#                          Projects\zstack\Samples\GenericApp\CC2530DB\..\..\ #
#                          ..\..\..\Components\stack\nwk\ -I                  #
#                          D:\hardware\logger\logger\Projects\zstack\Samples\ #
#                          GenericApp\CC2530DB\..\..\..\..\..\Components\stac #
#                          k\sapi\ -I D:\hardware\logger\logger\Projects\zsta #
#                          ck\Samples\GenericApp\CC2530DB\..\..\..\..\..\Comp #
#                          onents\stack\sec\ -I D:\hardware\logger\logger\Pro #
#                          jects\zstack\Samples\GenericApp\CC2530DB\..\..\..\ #
#                          ..\..\Components\stack\sys\ -I                     #
#                          D:\hardware\logger\logger\Projects\zstack\Samples\ #
#                          GenericApp\CC2530DB\..\..\..\..\..\Components\stac #
#                          k\zdo\ -I D:\hardware\logger\logger\Projects\zstac #
#                          k\Samples\GenericApp\CC2530DB\..\..\..\..\..\Compo #
#                          nents\zmac\ -I D:\hardware\logger\logger\Projects\ #
#                          zstack\Samples\GenericApp\CC2530DB\..\..\..\..\..\ #
#                          Components\zmac\f8w\ -Ohz --require_prototypes     #
#    List file          =  D:\hardware\logger\logger\Projects\zstack\Samples\ #
#                          GenericApp\CC2530DB\RouterEB\List\router.lst       #
#    Object file        =  D:\hardware\logger\logger\Projects\zstack\Samples\ #
#                          GenericApp\CC2530DB\RouterEB\Obj\router.r51        #
#                                                                             #
#                                                                             #
###############################################################################

D:\hardware\logger\logger\Projects\zstack\Samples\GenericApp\Source\router.c
      1          /******************************************************************************
      2            Filename:       GenericApp.c
      3            Revised:        $Date: 2012-03-07 01:04:58 -0800 (Wed, 07 Mar 2012) $
      4            Revision:       $Revision: 29656 $
      5          
      6            Description:    Generic Application (no Profile).
      7          
      8          
      9            Copyright 2004-2012 Texas Instruments Incorporated. All rights reserved.
     10          
     11            IMPORTANT: Your use of this Software is limited to those specific rights
     12            granted under the terms of a software license agreement between the user
     13            who downloaded the software, his/her employer (which must be your employer)
     14            and Texas Instruments Incorporated (the "License"). You may not use this
     15            Software unless you agree to abide by the terms of the License. The License
     16            limits your use, and you acknowledge, that the Software may not be modified,
     17            copied or distributed unless embedded on a Texas Instruments microcontroller
     18            or used solely and exclusively in conjunction with a Texas Instruments radio
     19            frequency transceiver, which is integrated into your product. Other than for
     20            the foregoing purpose, you may not use, reproduce, copy, prepare derivative
     21            works of, modify, distribute, perform, display or sell this Software and/or
     22            its documentation for any purpose.
     23          
     24            YOU FURTHER ACKNOWLEDGE AND AGREE THAT THE SOFTWARE AND DOCUMENTATION ARE
     25            PROVIDED “AS IS” WITHOUT WARRANTY OF ANY KIND, EITHER EXPRESS OR IMPLIED,
     26            INCLUDING WITHOUT LIMITATION, ANY WARRANTY OF MERCHANTABILITY, TITLE,
     27            NON-INFRINGEMENT AND FITNESS FOR A PARTICULAR PURPOSE. IN NO EVENT SHALL
     28            TEXAS INSTRUMENTS OR ITS LICENSORS BE LIABLE OR OBLIGATED UNDER CONTRACT,
     29            NEGLIGENCE, STRICT LIABILITY, CONTRIBUTION, BREACH OF WARRANTY, OR OTHER
     30            LEGAL EQUITABLE THEORY ANY DIRECT OR INDIRECT DAMAGES OR EXPENSES
     31            INCLUDING BUT NOT LIMITED TO ANY INCIDENTAL, SPECIAL, INDIRECT, PUNITIVE
     32            OR CONSEQUENTIAL DAMAGES, LOST PROFITS OR LOST DATA, COST OF PROCUREMENT
     33            OF SUBSTITUTE GOODS, TECHNOLOGY, SERVICES, OR ANY CLAIMS BY THIRD PARTIES
     34            (INCLUDING BUT NOT LIMITED TO ANY DEFENSE THEREOF), OR OTHER SIMILAR COSTS.
     35          
     36            Should you have any questions regarding your right to use this Software,
     37            contact Texas Instruments Incorporated at www.TI.com.
     38          ******************************************************************************/
     39          
     40          /*********************************************************************
     41            This application isn't intended to do anything useful, it is
     42            intended to be a simple example of an application's structure.
     43          
     44            This application sends "Hello World" to another "Generic"
     45            application every 5 seconds.  The application will also
     46            receives "Hello World" packets.
     47          
     48            The "Hello World" messages are sent/received as MSG type message.
     49          
     50            This applications doesn't have a profile, so it handles everything
     51            directly - itself.
     52          
     53            Key control:
     54              SW1:
     55              SW2:  initiates end device binding
     56              SW3:
     57              SW4:  initiates a match description request
     58          *********************************************************************/
     59          
     60          /*********************************************************************
     61           * INCLUDES
     62           */
     63          #include "OSAL.h"
     64          #include "AF.h"
     65          #include "ZDApp.h"
     66          #include "ZDObject.h"
     67          #include "ZDProfile.h"
     68          
     69          #include "GenericApp.h"
     70          #include "DebugTrace.h"
     71          
     72          #if !defined( WIN32 )
     73            #include "OnBoard.h"
     74          #endif
     75          
     76          /* HAL */
     77          #include "hal_lcd.h"
     78          #include "hal_led.h"
     79          #include "hal_key.h"
     80          #include "hal_uart.h"
     81          
     82          /* RTOS */
     83          #if defined( IAR_ARMCM3_LM )
     84          #include "RTOS_App.h"
     85          #endif  
     86          
     87          /*********************************************************************
     88           * MACROS
     89           */
     90          
     91          /*********************************************************************
     92           * CONSTANTS
     93           */
     94          
     95          /*********************************************************************
     96           * TYPEDEFS
     97           */
     98          
     99          /*********************************************************************
    100           * GLOBAL VARIABLES
    101           */
    102          // This list should be filled with Application specific Cluster IDs.
    103          const cId_t GenericApp_ClusterList[GENERICAPP_MAX_CLUSTERS] =
    104          {
    105            GENERICAPP_CLUSTERID
                   ^
Error[Pe020]: identifier "GENERICAPP_CLUSTERID" is undefined
    106          };
    107          
    108          const SimpleDescriptionFormat_t GenericApp_SimpleDesc =
    109          {
    110            GENERICAPP_ENDPOINT,              //  int Endpoint;
    111            GENERICAPP_PROFID,                //  uint16 AppProfId[2];
    112            GENERICAPP_DEVICEID,              //  uint16 AppDeviceId[2];
    113            GENERICAPP_DEVICE_VERSION,        //  int   AppDevVer:4;
    114            GENERICAPP_FLAGS,                 //  int   AppFlags:4;
    115            GENERICAPP_MAX_CLUSTERS,          //  byte  AppNumInClusters;
    116            (cId_t *)GenericApp_ClusterList,  //  byte *pAppInClusterList;
    117            GENERICAPP_MAX_CLUSTERS,          //  byte  AppNumInClusters;
    118            (cId_t *)GenericApp_ClusterList   //  byte *pAppInClusterList;
    119          };
    120          
    121          // This is the Endpoint/Interface description.  It is defined here, but
    122          // filled-in in GenericApp_Init().  Another way to go would be to fill
    123          // in the structure here and make it a "const" (in code space).  The
    124          // way it's defined in this sample app it is define in RAM.
    125          endPointDesc_t GenericApp_epDesc;
    126          
    127          /*********************************************************************
    128           * EXTERNAL VARIABLES
    129           */
    130          
    131          /*********************************************************************
    132           * EXTERNAL FUNCTIONS
    133           */
    134          
    135          /*********************************************************************
    136           * LOCAL VARIABLES
    137           */
    138          byte GenericApp_TaskID;   // Task ID for internal task/event processing
    139                                    // This variable will be received when
    140                                    // GenericApp_Init() is called.
    141          devStates_t GenericApp_NwkState;
    142          
    143          
    144          byte GenericApp_TransID;  // This is the unique message ID (counter)
    145          
    146          afAddrType_t GenericApp_DstAddr;
    147          
    148          /*********************************************************************
    149           * LOCAL FUNCTIONS
    150           */
    151          static void GenericApp_ProcessZDOMsgs( zdoIncomingMsg_t *inMsg );
    152          static void GenericApp_HandleKeys( byte shift, byte keys );
    153          static void GenericApp_MessageMSGCB( afIncomingMSGPacket_t *pckt );
    154          static void GenericApp_SendTheMessage( void );
    155          
    156          #if defined( IAR_ARMCM3_LM )
    157          static void GenericApp_ProcessRtosMessage( void );
    158          #endif
    159          
    160          /*********************************************************************
    161           * NETWORK LAYER CALLBACKS
    162           */
    163          
    164          /*********************************************************************
    165           * PUBLIC FUNCTIONS
    166           */
    167          
    168          /*********************************************************************
    169           * @fn      GenericApp_Init
    170           *
    171           * @brief   Initialization function for the Generic App Task.
    172           *          This is called during initialization and should contain
    173           *          any application specific initialization (ie. hardware
    174           *          initialization/setup, table initialization, power up
    175           *          notificaiton ... ).
    176           *
    177           * @param   task_id - the ID assigned by OSAL.  This ID should be
    178           *                    used to send messages and set timers.
    179           *
    180           * @return  none
    181           */
    182          void GenericApp_Init( uint8 task_id )
    183          {
    184            GenericApp_TaskID = task_id;
    185            GenericApp_NwkState = DEV_INIT;
    186            GenericApp_TransID = 0;
    187          
    188            // Device hardware initialization can be added here or in main() (Zmain.c).
    189            // If the hardware is application specific - add it here.
    190            // If the hardware is other parts of the device add it in main().
    191          
    192            GenericApp_DstAddr.addrMode = (afAddrMode_t)AddrNotPresent;
    193            GenericApp_DstAddr.endPoint = 0;
    194            GenericApp_DstAddr.addr.shortAddr = 0;
    195          
    196            // Fill out the endpoint description.
    197            GenericApp_epDesc.endPoint = GENERICAPP_ENDPOINT;
    198            GenericApp_epDesc.task_id = &GenericApp_TaskID;
    199            GenericApp_epDesc.simpleDesc
    200                      = (SimpleDescriptionFormat_t *)&GenericApp_SimpleDesc;
    201            GenericApp_epDesc.latencyReq = noLatencyReqs;
    202          
    203            // Register the endpoint description with the AF
    204            afRegister( &GenericApp_epDesc );
    205          
    206            // Register for all key events - This app will handle all key events
    207            RegisterForKeys( GenericApp_TaskID );
    208          
    209            // Update the display
    210          #if defined ( LCD_SUPPORTED )
    211            HalLcdWriteString( "GenericApp", HAL_LCD_LINE_1 );
    212          #endif
    213          
    214            ZDO_RegisterForZDOMsg( GenericApp_TaskID, End_Device_Bind_rsp );
    215            ZDO_RegisterForZDOMsg( GenericApp_TaskID, Match_Desc_rsp );
    216          
    217          #if defined( IAR_ARMCM3_LM )
    218            // Register this task with RTOS task initiator
    219            RTOS_RegisterApp( task_id, GENERICAPP_RTOS_MSG_EVT );
    220          #endif
    221          }
    222          
    223          /*********************************************************************
    224           * @fn      GenericApp_ProcessEvent
    225           *
    226           * @brief   Generic Application Task event processor.  This function
    227           *          is called to process all events for the task.  Events
    228           *          include timers, messages and any other user defined events.
    229           *
    230           * @param   task_id  - The OSAL assigned task ID.
    231           * @param   events - events to process.  This is a bit map and can
    232           *                   contain more than one event.
    233           *
    234           * @return  none
    235           */
    236          uint16 GenericApp_ProcessEvent( uint8 task_id, uint16 events )
    237          {
    238            afIncomingMSGPacket_t *MSGpkt;
    239            afDataConfirm_t *afDataConfirm;
    240          
    241            // Data Confirmation message fields
    242            byte sentEP;
    243            ZStatus_t sentStatus;
    244            byte sentTransID;       // This should match the value sent
    245            (void)task_id;  // Intentionally unreferenced parameter
    246          
    247            if ( events & SYS_EVENT_MSG )
    248            {
    249              MSGpkt = (afIncomingMSGPacket_t *)osal_msg_receive( GenericApp_TaskID );
    250              while ( MSGpkt )
    251              {
    252                switch ( MSGpkt->hdr.event )
    253                {
    254                  case ZDO_CB_MSG:
    255                    GenericApp_ProcessZDOMsgs( (zdoIncomingMsg_t *)MSGpkt );
    256                    break;
    257          
    258                  case KEY_CHANGE:
    259                    GenericApp_HandleKeys( ((keyChange_t *)MSGpkt)->state, ((keyChange_t *)MSGpkt)->keys );
    260                    break;
    261          
    262                  case AF_DATA_CONFIRM_CMD:
    263                    // This message is received as a confirmation of a data packet sent.
    264                    // The status is of ZStatus_t type [defined in ZComDef.h]
    265                    // The message fields are defined in AF.h
    266                    afDataConfirm = (afDataConfirm_t *)MSGpkt;
    267                    sentEP = afDataConfirm->endpoint;
    268                    sentStatus = afDataConfirm->hdr.status;
    269                    sentTransID = afDataConfirm->transID;
    270                    (void)sentEP;
    271                    (void)sentTransID;
    272          
    273                    // Action taken when confirmation is received.
    274                    if ( sentStatus != ZSuccess )
    275                    {
    276                      // The data wasn't delivered -- Do something
    277                    }
    278                    break;
    279          
    280                  case AF_INCOMING_MSG_CMD:
    281                    GenericApp_MessageMSGCB( MSGpkt );
    282                    break;
    283          
    284                  case ZDO_STATE_CHANGE:
    285                    GenericApp_NwkState = (devStates_t)(MSGpkt->hdr.status);
    286                    if ( (GenericApp_NwkState == DEV_ZB_COORD)
    287                        || (GenericApp_NwkState == DEV_ROUTER)
    288                        || (GenericApp_NwkState == DEV_END_DEVICE) )
    289                    {
    290                      // Start sending "the" message in a regular interval.
    291                      osal_start_timerEx( GenericApp_TaskID,
    292                                          GENERICAPP_SEND_MSG_EVT,
    293                                          GENERICAPP_SEND_MSG_TIMEOUT );
    294                    }
    295                    break;
    296          
    297                  default:
    298                    break;
    299                }
    300          
    301                // Release the memory
    302                osal_msg_deallocate( (uint8 *)MSGpkt );
    303          
    304                // Next
    305                MSGpkt = (afIncomingMSGPacket_t *)osal_msg_receive( GenericApp_TaskID );
    306              }
    307          
    308              // return unprocessed events
    309              return (events ^ SYS_EVENT_MSG);
    310            }
    311          
    312            // Send a message out - This event is generated by a timer
    313            //  (setup in GenericApp_Init()).
    314            if ( events & GENERICAPP_SEND_MSG_EVT )
    315            {
    316              // Send "the" message
    317              GenericApp_SendTheMessage();
    318          
    319              // Setup to send message again
    320              osal_start_timerEx( GenericApp_TaskID,
    321                                  GENERICAPP_SEND_MSG_EVT,
    322                                  GENERICAPP_SEND_MSG_TIMEOUT );
    323          
    324              // return unprocessed events
    325              return (events ^ GENERICAPP_SEND_MSG_EVT);
    326            }
    327          
    328            
    329          #if defined( IAR_ARMCM3_LM )
    330            // Receive a message from the RTOS queue
    331            if ( events & GENERICAPP_RTOS_MSG_EVT )
    332            {
    333              // Process message from RTOS queue
    334              GenericApp_ProcessRtosMessage();
    335          
    336              // return unprocessed events
    337              return (events ^ GENERICAPP_RTOS_MSG_EVT);
    338            }
    339          #endif
    340          
    341            // Discard unknown events
    342            return 0;
    343          }
    344          
    345          /*********************************************************************
    346           * Event Generation Functions
    347           */
    348          
    349          /*********************************************************************
    350           * @fn      GenericApp_ProcessZDOMsgs()
    351           *
    352           * @brief   Process response messages
    353           *
    354           * @param   none
    355           *
    356           * @return  none
    357           */
    358          static void GenericApp_ProcessZDOMsgs( zdoIncomingMsg_t *inMsg )
    359          {
    360            switch ( inMsg->clusterID )
    361            {
    362              case End_Device_Bind_rsp:
    363                if ( ZDO_ParseBindRsp( inMsg ) == ZSuccess )
    364                {
    365                  // Light LED
    366                  HalLedSet( HAL_LED_4, HAL_LED_MODE_ON );
    367                }
    368          #if defined( BLINK_LEDS )
    369                else
    370                {
    371                  // Flash LED to show failure
    372                  HalLedSet ( HAL_LED_4, HAL_LED_MODE_FLASH );
    373                }
    374          #endif
    375                break;
    376          
    377              case Match_Desc_rsp:
    378                {
    379                  ZDO_ActiveEndpointRsp_t *pRsp = ZDO_ParseEPListRsp( inMsg );
    380                  if ( pRsp )
    381                  {
    382                    if ( pRsp->status == ZSuccess && pRsp->cnt )
    383                    {
    384                      GenericApp_DstAddr.addrMode = (afAddrMode_t)Addr16Bit;
    385                      GenericApp_DstAddr.addr.shortAddr = pRsp->nwkAddr;
    386                      // Take the first endpoint, Can be changed to search through endpoints
    387                      GenericApp_DstAddr.endPoint = pRsp->epList[0];
    388          
    389                      // Light LED
    390                      HalLedSet( HAL_LED_4, HAL_LED_MODE_ON );
    391                    }
    392                    osal_mem_free( pRsp );
    393                  }
    394                }
    395                break;
    396            }
    397          }
    398          
    399          /*********************************************************************
    400           * @fn      GenericApp_HandleKeys
    401           *
    402           * @brief   Handles all key events for this device.
    403           *
    404           * @param   shift - true if in shift/alt.
    405           * @param   keys - bit field for key events. Valid entries:
    406           *                 HAL_KEY_SW_4
    407           *                 HAL_KEY_SW_3
    408           *                 HAL_KEY_SW_2
    409           *                 HAL_KEY_SW_1
    410           *
    411           * @return  none
    412           */
    413          static void GenericApp_HandleKeys( uint8 shift, uint8 keys )
    414          {
    415            zAddrType_t dstAddr;
    416          
    417            // Shift is used to make each button/switch dual purpose.
    418            if ( shift )
    419            {
    420              if ( keys & HAL_KEY_SW_1 )
    421              {
    422              }
    423              if ( keys & HAL_KEY_SW_2 )
    424              {
    425              }
    426              if ( keys & HAL_KEY_SW_3 )
    427              {
    428              }
    429              if ( keys & HAL_KEY_SW_4 )
    430              {
    431              }
    432            }
    433            else
    434            {
    435              if ( keys & HAL_KEY_SW_1 )
    436              {
    437                // Since SW1 isn't used for anything else in this application...
    438          #if defined( SWITCH1_BIND )
    439                // we can use SW1 to simulate SW2 for devices that only have one switch,
    440                keys |= HAL_KEY_SW_2;
    441          #elif defined( SWITCH1_MATCH )
    442                // or use SW1 to simulate SW4 for devices that only have one switch
    443                keys |= HAL_KEY_SW_4;
    444          #endif
    445              }
    446          
    447              if ( keys & HAL_KEY_SW_2 )
    448              {
    449                HalLedSet ( HAL_LED_4, HAL_LED_MODE_OFF );
    450          
    451                // Initiate an End Device Bind Request for the mandatory endpoint
    452                dstAddr.addrMode = Addr16Bit;
    453                dstAddr.addr.shortAddr = 0x0000; // Coordinator
    454                ZDP_EndDeviceBindReq( &dstAddr, NLME_GetShortAddr(),
    455                                      GenericApp_epDesc.endPoint,
    456                                      GENERICAPP_PROFID,
    457                                      GENERICAPP_MAX_CLUSTERS, (cId_t *)GenericApp_ClusterList,
    458                                      GENERICAPP_MAX_CLUSTERS, (cId_t *)GenericApp_ClusterList,
    459                                      FALSE );
    460              }
    461          
    462              if ( keys & HAL_KEY_SW_3 )
    463              {
    464              }
    465          
    466              if ( keys & HAL_KEY_SW_4 )
    467              {
    468                HalLedSet ( HAL_LED_4, HAL_LED_MODE_OFF );
    469                // Initiate a Match Description Request (Service Discovery)
    470                dstAddr.addrMode = AddrBroadcast;
    471                dstAddr.addr.shortAddr = NWK_BROADCAST_SHORTADDR;
    472                ZDP_MatchDescReq( &dstAddr, NWK_BROADCAST_SHORTADDR,
    473                                  GENERICAPP_PROFID,
    474                                  GENERICAPP_MAX_CLUSTERS, (cId_t *)GenericApp_ClusterList,
    475                                  GENERICAPP_MAX_CLUSTERS, (cId_t *)GenericApp_ClusterList,
    476                                  FALSE );
    477              }
    478            }
    479          }
    480          
    481          /*********************************************************************
    482           * LOCAL FUNCTIONS
    483           */
    484          
    485          /*********************************************************************
    486           * @fn      GenericApp_MessageMSGCB
    487           *
    488           * @brief   Data message processor callback.  This function processes
    489           *          any incoming data - probably from other devices.  So, based
    490           *          on cluster ID, perform the intended action.
    491           *
    492           * @param   none
    493           *
    494           * @return  none
    495           */
    496          static void GenericApp_MessageMSGCB( afIncomingMSGPacket_t *pkt )
    497          {
    498            switch ( pkt->clusterId )
    499            {
    500              case GENERICAPP_CLUSTERID:
    501                // "the" message
    502          #if defined( LCD_SUPPORTED )
    503                HalLcdWriteScreen( (char*)pkt->cmd.Data, "rcvd" );
    504          #elif defined( WIN32 )
    505                WPRINTSTR( pkt->cmd.Data );
    506          #endif
    507                break;
    508            }
    509          }
    510          
    511          /*********************************************************************
    512           * @fn      GenericApp_SendTheMessage
    513           *
    514           * @brief   Send "the" message.
    515           *
    516           * @param   none
    517           *
    518           * @return  none
    519           */
    520          static void GenericApp_SendTheMessage( void )
    521          {
    522            char theMessageData[] = "Hello World";
    523          
    524            if ( AF_DataRequest( &GenericApp_DstAddr, &GenericApp_epDesc,
    525                                 GENERICAPP_CLUSTERID,
    526                                 (byte)osal_strlen( theMessageData ) + 1,
    527                                 (byte *)&theMessageData,
    528                                 &GenericApp_TransID,
    529                                 AF_DISCV_ROUTE, AF_DEFAULT_RADIUS ) == afStatus_SUCCESS )
    530            {
    531              // Successfully requested to be sent.
    532            }
    533            else
    534            {
    535              // Error occurred in request to send.
    536            }
    537          }
    538          
    539          #if defined( IAR_ARMCM3_LM )
    540          /*********************************************************************
    541           * @fn      GenericApp_ProcessRtosMessage
    542           *
    543           * @brief   Receive message from RTOS queue, send response back.
    544           *
    545           * @param   none
    546           *
    547           * @return  none
    548           */
    549          static void GenericApp_ProcessRtosMessage( void )
    550          {
    551            osalQueue_t inMsg;
    552          
    553            if ( osal_queue_receive( OsalQueue, &inMsg, 0 ) == pdPASS )
    554            {
    555              uint8 cmndId = inMsg.cmnd;
    556              uint32 counter = osal_build_uint32( inMsg.cbuf, 4 );
    557          
    558              switch ( cmndId )
    559              {
    560                case CMD_INCR:
    561                  counter += 1;  /* Increment the incoming counter */
    562                                 /* Intentionally fall through next case */
    563          
    564                case CMD_ECHO:
    565                {
    566                  userQueue_t outMsg;
    567          
    568                  outMsg.resp = RSP_CODE | cmndId;  /* Response ID */
    569                  osal_buffer_uint32( outMsg.rbuf, counter );    /* Increment counter */
    570                  osal_queue_send( UserQueue1, &outMsg, 0 );  /* Send back to UserTask */
    571                  break;
    572                }
    573                
    574                default:
    575                  break;  /* Ignore unknown command */    
    576              }
    577            }
    578          }
    579          #endif
    580          
    581          /*********************************************************************
    582           */

Errors: 1
Warnings: none
