###############################################################################
#                                                                             #
# IAR C/C++ Compiler V8.10.3.10338/W32 for 8051         25/Aug/2018  23:10:09 #
# Copyright 2004-2011 IAR Systems AB.                                         #
#                                                                             #
#    Core               =  plain                                              #
#    Code model         =  banked                                             #
#    Data model         =  large                                              #
#    Calling convention =  xdata reentrant                                    #
#    Constant location  =  data_rom                                           #
#    Dptr setup         =  1,16                                               #
#    Source file        =  F:\work\iot-hardware\logger\logger\Components\mt\M #
#                          T_UART.c                                           #
#    Command line       =  -f F:\work\iot-hardware\logger\logger\Projects\zst #
#                          ack\Samples\GenericApp\CC2530DB\..\..\..\Tools\CC2 #
#                          530DB\f8wEndev.cfg (-DCPU32MHZ -DROOT=__near_func  #
#                          -DMAC_CFG_TX_DATA_MAX=3 -DMAC_CFG_TX_MAX=6         #
#                          -DMAC_CFG_RX_MAX=3) -f F:\work\iot-hardware\logger #
#                          \logger\Projects\zstack\Samples\GenericApp\CC2530D #
#                          B\..\..\..\Tools\CC2530DB\f8wConfig.cfg            #
#                          (-DZIGBEEPRO -DSECURE=0 -DZG_SECURE_DYNAMIC=0      #
#                          -DREFLECTOR -DDEFAULT_CHANLIST=0x00000800          #
#                          -DZDAPP_CONFIG_PAN_ID=0xFFFF                       #
#                          -DNWK_START_DELAY=100 -DEXTENDED_JOINING_RANDOM_MA #
#                          SK=0x007F -DBEACON_REQUEST_DELAY=100               #
#                          -DBEACON_REQ_DELAY_MASK=0x00FF                     #
#                          -DLINK_STATUS_JITTER_MASK=0x007F                   #
#                          -DROUTE_EXPIRY_TIME=30 -DAPSC_ACK_WAIT_DURATION_PO #
#                          LLED=3000 -DNWK_INDIRECT_MSG_TIMEOUT=7             #
#                          -DMAX_RREQ_ENTRIES=8 -DAPSC_MAX_FRAME_RETRIES=3    #
#                          -DNWK_MAX_DATA_RETRIES=2                           #
#                          -DMAX_POLL_FAILURE_RETRIES=2 -DMAX_BCAST=9         #
#                          -DAPS_MAX_GROUPS=16 -DMAX_RTG_ENTRIES=40           #
#                          -DNWK_MAX_BINDING_ENTRIES=4                        #
#                          -DMAX_BINDING_CLUSTER_IDS=4 "-DDEFAULT_KEY={0x01,  #
#                          0x03, 0x05, 0x07, 0x09, 0x0B, 0x0D, 0x0F, 0x00,    #
#                          0x02, 0x04, 0x06, 0x08, 0x0A, 0x0C, 0x0D}"         #
#                          -DMAC_MAX_FRAME_SIZE=116                           #
#                          -DZDNWKMGR_MIN_TRANSMISSIONS=20 "-DCONST=const     #
#                          __code" -DGENERIC=__generic                        #
#                          -DRFD_RCVC_ALWAYS_ON=FALSE -DPOLL_RATE=1000        #
#                          -DQUEUED_POLL_RATE=100 -DRESPONSE_POLL_RATE=100)   #
#                          -DREJOIN_POLL_RATE=440 F:\work\iot-hardware\logger #
#                          \logger\Components\mt\MT_UART.c -D NWK_AUTO_POLL   #
#                          -D ZTOOL_P1 -D MT_TASK -D MT_SYS_FUNC -D           #
#                          MT_ZDO_FUNC -D LCD_SUPPORTED=DEBUG -D              #
#                          xPOWER_SAVING -lC F:\work\iot-hardware\logger\logg #
#                          er\Projects\zstack\Samples\GenericApp\CC2530DB\End #
#                          DeviceEB\List\ -lA F:\work\iot-hardware\logger\log #
#                          ger\Projects\zstack\Samples\GenericApp\CC2530DB\En #
#                          dDeviceEB\List\ --diag_suppress Pe001,Pa010 -o     #
#                          F:\work\iot-hardware\logger\logger\Projects\zstack #
#                          \Samples\GenericApp\CC2530DB\EndDeviceEB\Obj\ -e   #
#                          --no_cse --no_unroll --no_inline --no_code_motion  #
#                          --no_tbaa --debug --core=plain --dptr=16,1         #
#                          --data_model=large --code_model=banked             #
#                          --calling_convention=xdata_reentrant               #
#                          --place_constants=data_rom --nr_virtual_regs 16    #
#                          -I F:\work\iot-hardware\logger\logger\Projects\zst #
#                          ack\Samples\GenericApp\CC2530DB\ -I                #
#                          F:\work\iot-hardware\logger\logger\Projects\zstack #
#                          \Samples\GenericApp\CC2530DB\..\Source\ -I         #
#                          F:\work\iot-hardware\logger\logger\Projects\zstack #
#                          \Samples\GenericApp\CC2530DB\..\..\..\ZMain\TI2530 #
#                          DB\ -I F:\work\iot-hardware\logger\logger\Projects #
#                          \zstack\Samples\GenericApp\CC2530DB\..\..\..\..\.. #
#                          \Components\hal\include\ -I                        #
#                          F:\work\iot-hardware\logger\logger\Projects\zstack #
#                          \Samples\GenericApp\CC2530DB\..\..\..\..\..\Compon #
#                          ents\hal\target\CC2530EB\ -I                       #
#                          F:\work\iot-hardware\logger\logger\Projects\zstack #
#                          \Samples\GenericApp\CC2530DB\..\..\..\..\..\Compon #
#                          ents\mac\include\ -I F:\work\iot-hardware\logger\l #
#                          ogger\Projects\zstack\Samples\GenericApp\CC2530DB\ #
#                          ..\..\..\..\..\Components\mac\high_level\ -I       #
#                          F:\work\iot-hardware\logger\logger\Projects\zstack #
#                          \Samples\GenericApp\CC2530DB\..\..\..\..\..\Compon #
#                          ents\mac\low_level\srf04\ -I                       #
#                          F:\work\iot-hardware\logger\logger\Projects\zstack #
#                          \Samples\GenericApp\CC2530DB\..\..\..\..\..\Compon #
#                          ents\mac\low_level\srf04\single_chip\ -I           #
#                          F:\work\iot-hardware\logger\logger\Projects\zstack #
#                          \Samples\GenericApp\CC2530DB\..\..\..\..\..\Compon #
#                          ents\mt\ -I F:\work\iot-hardware\logger\logger\Pro #
#                          jects\zstack\Samples\GenericApp\CC2530DB\..\..\..\ #
#                          ..\..\Components\osal\include\ -I                  #
#                          F:\work\iot-hardware\logger\logger\Projects\zstack #
#                          \Samples\GenericApp\CC2530DB\..\..\..\..\..\Compon #
#                          ents\services\saddr\ -I F:\work\iot-hardware\logge #
#                          r\logger\Projects\zstack\Samples\GenericApp\CC2530 #
#                          DB\..\..\..\..\..\Components\services\sdata\ -I    #
#                          F:\work\iot-hardware\logger\logger\Projects\zstack #
#                          \Samples\GenericApp\CC2530DB\..\..\..\..\..\Compon #
#                          ents\stack\af\ -I F:\work\iot-hardware\logger\logg #
#                          er\Projects\zstack\Samples\GenericApp\CC2530DB\..\ #
#                          ..\..\..\..\Components\stack\nwk\ -I               #
#                          F:\work\iot-hardware\logger\logger\Projects\zstack #
#                          \Samples\GenericApp\CC2530DB\..\..\..\..\..\Compon #
#                          ents\stack\sapi\ -I F:\work\iot-hardware\logger\lo #
#                          gger\Projects\zstack\Samples\GenericApp\CC2530DB\. #
#                          .\..\..\..\..\Components\stack\sec\ -I             #
#                          F:\work\iot-hardware\logger\logger\Projects\zstack #
#                          \Samples\GenericApp\CC2530DB\..\..\..\..\..\Compon #
#                          ents\stack\sys\ -I F:\work\iot-hardware\logger\log #
#                          ger\Projects\zstack\Samples\GenericApp\CC2530DB\.. #
#                          \..\..\..\..\Components\stack\zdo\ -I              #
#                          F:\work\iot-hardware\logger\logger\Projects\zstack #
#                          \Samples\GenericApp\CC2530DB\..\..\..\..\..\Compon #
#                          ents\zmac\ -I F:\work\iot-hardware\logger\logger\P #
#                          rojects\zstack\Samples\GenericApp\CC2530DB\..\..\. #
#                          .\..\..\Components\zmac\f8w\ -Ol                   #
#                          --require_prototypes                               #
#    List file          =  F:\work\iot-hardware\logger\logger\Projects\zstack #
#                          \Samples\GenericApp\CC2530DB\EndDeviceEB\List\MT_U #
#                          ART.lst                                            #
#    Object file        =  F:\work\iot-hardware\logger\logger\Projects\zstack #
#                          \Samples\GenericApp\CC2530DB\EndDeviceEB\Obj\MT_UA #
#                          RT.r51                                             #
#                                                                             #
#                                                                             #
###############################################################################

F:\work\iot-hardware\logger\logger\Components\mt\MT_UART.c
      1          /***************************************************************************************************
      2            Filename:       MT_UART.c
      3            Revised:        $Date: 2009-03-12 16:25:22 -0700 (Thu, 12 Mar 2009) $
      4            Revision:       $Revision: 19404 $
      5          
      6            Description:  This module handles anything dealing with the serial port.
      7          
      8            Copyright 2007 Texas Instruments Incorporated. All rights reserved.
      9          
     10            IMPORTANT: Your use of this Software is limited to those specific rights
     11            granted under the terms of a software license agreement between the user
     12            who downloaded the software, his/her employer (which must be your employer)
     13            and Texas Instruments Incorporated (the "License").  You may not use this
     14            Software unless you agree to abide by the terms of the License. The License
     15            limits your use, and you acknowledge, that the Software may not be modified,
     16            copied or distributed unless embedded on a Texas Instruments microcontroller
     17            or used solely and exclusively in conjunction with a Texas Instruments radio
     18            frequency transceiver, which is integrated into your product.  Other than for
     19            the foregoing purpose, you may not use, reproduce, copy, prepare derivative
     20            works of, modify, distribute, perform, display or sell this Software and/or
     21            its documentation for any purpose.
     22          
     23            YOU FURTHER ACKNOWLEDGE AND AGREE THAT THE SOFTWARE AND DOCUMENTATION ARE
     24            PROVIDED “AS IS” WITHOUT WARRANTY OF ANY KIND, EITHER EXPRESS OR IMPLIED,
     25            INCLUDING WITHOUT LIMITATION, ANY WARRANTY OF MERCHANTABILITY, TITLE,
     26            NON-INFRINGEMENT AND FITNESS FOR A PARTICULAR PURPOSE. IN NO EVENT SHALL
     27            TEXAS INSTRUMENTS OR ITS LICENSORS BE LIABLE OR OBLIGATED UNDER CONTRACT,
     28            NEGLIGENCE, STRICT LIABILITY, CONTRIBUTION, BREACH OF WARRANTY, OR OTHER
     29            LEGAL EQUITABLE THEORY ANY DIRECT OR INDIRECT DAMAGES OR EXPENSES
     30            INCLUDING BUT NOT LIMITED TO ANY INCIDENTAL, SPECIAL, INDIRECT, PUNITIVE
     31            OR CONSEQUENTIAL DAMAGES, LOST PROFITS OR LOST DATA, COST OF PROCUREMENT
     32            OF SUBSTITUTE GOODS, TECHNOLOGY, SERVICES, OR ANY CLAIMS BY THIRD PARTIES
     33            (INCLUDING BUT NOT LIMITED TO ANY DEFENSE THEREOF), OR OTHER SIMILAR COSTS.
     34          
     35            Should you have any questions regarding your right to use this Software,
     36            contact Texas Instruments Incorporated at www.TI.com.
     37          
     38          ***************************************************************************************************/
     39          
     40          /***************************************************************************************************
     41           * INCLUDES
     42           ***************************************************************************************************/
     43          #include "ZComDef.h"
     44          #include "OSAL.h"
     45          #include "hal_uart.h"
     46          #include "MT.h"
     47          #include "MT_UART.h"
     48          #include "OSAL_Memory.h"
     49          
     50          
     51          /***************************************************************************************************
     52           * MACROS
     53           ***************************************************************************************************/
     54          
     55          /***************************************************************************************************
     56           * CONSTANTS
     57           ***************************************************************************************************/
     58          /* State values for ZTool protocal */
     59          #define SOP_STATE      0x00
     60          #define CMD_STATE1     0x01
     61          #define CMD_STATE2     0x02
     62          #define LEN_STATE      0x03
     63          #define DATA_STATE     0x04
     64          #define FCS_STATE      0x05
     65          
     66          /***************************************************************************************************
     67           *                                         GLOBAL VARIABLES
     68           ***************************************************************************************************/
     69          /* Used to indentify the application ID for osal task */

   \                                 In  segment XDATA_Z, align 1, keep-with-next
     70          byte App_TaskID;
   \                     App_TaskID:
   \   000000                DS 1
   \   000001                REQUIRE __INIT_XDATA_Z
     71          
     72          /* ZTool protocal parameters */

   \                                 In  segment XDATA_Z, align 1, keep-with-next
     73          uint8 state;
   \                     state:
   \   000000                DS 1
   \   000001                REQUIRE __INIT_XDATA_Z

   \                                 In  segment XDATA_Z, align 1, keep-with-next
     74          uint8  CMD_Token[2];
   \                     CMD_Token:
   \   000000                DS 2
   \   000002                REQUIRE __INIT_XDATA_Z

   \                                 In  segment XDATA_Z, align 1, keep-with-next
     75          uint8  LEN_Token;
   \                     LEN_Token:
   \   000000                DS 1
   \   000001                REQUIRE __INIT_XDATA_Z

   \                                 In  segment XDATA_Z, align 1, keep-with-next
     76          uint8  FSC_Token;
   \                     FSC_Token:
   \   000000                DS 1
   \   000001                REQUIRE __INIT_XDATA_Z

   \                                 In  segment XDATA_Z, align 1, keep-with-next
     77          mtOSALSerialData_t  *pMsg;
   \                     pMsg:
   \   000000                DS 2
   \   000002                REQUIRE __INIT_XDATA_Z

   \                                 In  segment XDATA_Z, align 1, keep-with-next
     78          uint8  tempDataLen;
   \                     tempDataLen:
   \   000000                DS 1
   \   000001                REQUIRE __INIT_XDATA_Z
     79          
     80          #if defined (ZAPP_P1) || defined (ZAPP_P2)
     81          uint16  MT_UartMaxZAppBufLen;
     82          bool    MT_UartZAppRxStatus;
     83          #endif
     84          
     85          
     86          /***************************************************************************************************
     87           *                                          LOCAL FUNCTIONS
     88           ***************************************************************************************************/
     89          
     90          /***************************************************************************************************
     91           * @fn      MT_UartInit
     92           *
     93           * @brief   Initialize MT with UART support
     94           *
     95           * @param   None
     96           *
     97           * @return  None
     98          ***************************************************************************************************/

   \                                 In  segment BANKED_CODE, align 1, keep-with-next
     99          void MT_UartInit ()
   \                     MT_UartInit:
    100          {
   \   000000   C082         PUSH    DPL
   \   000002   C083         PUSH    DPH
   \   000004                ; Saved register size: 2
   \   000004                ; Auto size: 29
   \   000004   74E3         MOV     A,#-0x1d
   \   000006   12....       LCALL   ?ALLOC_XSTACK8
    101            halUARTCfg_t uartConfig;
    102          
    103            /* Initialize APP ID */
    104            App_TaskID = 0;
   \   000009   90....       MOV     DPTR,#App_TaskID
   \   00000C   7400         MOV     A,#0x0
   \   00000E   F0           MOVX    @DPTR,A
    105          
    106            /* UART Configuration */
    107            uartConfig.configured           = TRUE;
   \   00000F   85..82       MOV     DPL,?XSP + 0
   \   000012   85..83       MOV     DPH,?XSP + 1
   \   000015   7401         MOV     A,#0x1
   \   000017   F0           MOVX    @DPTR,A
    108            uartConfig.baudRate             = MT_UART_DEFAULT_BAUDRATE;
   \   000018   7401         MOV     A,#0x1
   \   00001A   12....       LCALL   ?XSTACK_DISP0_8
   \   00001D   7402         MOV     A,#0x2
   \   00001F   F0           MOVX    @DPTR,A
    109            uartConfig.flowControl          = MT_UART_DEFAULT_OVERFLOW;
   \   000020   7402         MOV     A,#0x2
   \   000022   12....       LCALL   ?XSTACK_DISP0_8
   \   000025   7401         MOV     A,#0x1
   \   000027   F0           MOVX    @DPTR,A
    110            uartConfig.flowControlThreshold = MT_UART_DEFAULT_THRESHOLD;
   \   000028   7403         MOV     A,#0x3
   \   00002A   12....       LCALL   ?XSTACK_DISP0_8
   \   00002D   7440         MOV     A,#0x40
   \   00002F   F0           MOVX    @DPTR,A
   \   000030   A3           INC     DPTR
   \   000031   7400         MOV     A,#0x0
   \   000033   F0           MOVX    @DPTR,A
    111            uartConfig.rx.maxBufSize        = MT_UART_DEFAULT_MAX_RX_BUFF;
   \   000034   740A         MOV     A,#0xa
   \   000036   12....       LCALL   ?XSTACK_DISP0_8
   \   000039   7480         MOV     A,#-0x80
   \   00003B   F0           MOVX    @DPTR,A
   \   00003C   A3           INC     DPTR
   \   00003D   7400         MOV     A,#0x0
   \   00003F   F0           MOVX    @DPTR,A
    112            uartConfig.tx.maxBufSize        = MT_UART_DEFAULT_MAX_TX_BUFF;
   \   000040   7412         MOV     A,#0x12
   \   000042   12....       LCALL   ?XSTACK_DISP0_8
   \   000045   7480         MOV     A,#-0x80
   \   000047   F0           MOVX    @DPTR,A
   \   000048   A3           INC     DPTR
   \   000049   7400         MOV     A,#0x0
   \   00004B   F0           MOVX    @DPTR,A
    113            uartConfig.idleTimeout          = MT_UART_DEFAULT_IDLE_TIMEOUT;
   \   00004C   7405         MOV     A,#0x5
   \   00004E   12....       LCALL   ?XSTACK_DISP0_8
   \   000051   7406         MOV     A,#0x6
   \   000053   F0           MOVX    @DPTR,A
    114            uartConfig.intEnable            = TRUE;
   \   000054   7416         MOV     A,#0x16
   \   000056   12....       LCALL   ?XSTACK_DISP0_8
   \   000059   7401         MOV     A,#0x1
   \   00005B   F0           MOVX    @DPTR,A
    115          #if defined (ZTOOL_P1) || defined (ZTOOL_P2)
    116            uartConfig.callBackFunc         = MT_UartProcessZToolData;
   \   00005C   741B         MOV     A,#0x1b
   \   00005E   12....       LCALL   ?XSTACK_DISP0_8
   \   000061   74..         MOV     A,#??MT_UartProcessZToolData?relay & 0xff
   \   000063   F0           MOVX    @DPTR,A
   \   000064   A3           INC     DPTR
   \   000065   74..         MOV     A,#(??MT_UartProcessZToolData?relay >> 8) & 0xff
   \   000067   F0           MOVX    @DPTR,A
    117          #elif defined (ZAPP_P1) || defined (ZAPP_P2)
    118            uartConfig.callBackFunc         = MT_UartProcessZAppData;
    119          #else
    120            uartConfig.callBackFunc         = NULL;
    121          #endif
    122          
    123            /* Start UART */
    124          #if defined (MT_UART_DEFAULT_PORT)
    125            HalUARTOpen (MT_UART_DEFAULT_PORT, &uartConfig);
   \   000068                ; Setup parameters for call to function HalUARTOpen
   \   000068   85..82       MOV     DPL,?XSP + 0
   \   00006B   85..83       MOV     DPH,?XSP + 1
   \   00006E   AA82         MOV     R2,DPL
   \   000070   AB83         MOV     R3,DPH
   \   000072   7900         MOV     R1,#0x0
   \   000074   12....       LCALL   ??HalUARTOpen?relay
   \   000077   E9           MOV     A,R1
    126          #else
    127            /* Silence IAR compiler warning */
    128            (void)uartConfig;
    129          #endif
    130          
    131            /* Initialize for ZApp */
    132          #if defined (ZAPP_P1) || defined (ZAPP_P2)
    133            /* Default max bytes that ZAPP can take */
    134            MT_UartMaxZAppBufLen  = 1;
    135            MT_UartZAppRxStatus   = MT_UART_ZAPP_RX_READY;
    136          #endif
    137          
    138          }
   \   000078   741D         MOV     A,#0x1d
   \   00007A   12....       LCALL   ?DEALLOC_XSTACK8
   \   00007D   D083         POP     DPH
   \   00007F   D082         POP     DPL
   \   000081   02....       LJMP    ?BRET
    139          
    140          /***************************************************************************************************
    141           * @fn      MT_SerialRegisterTaskID
    142           *
    143           * @brief   This function registers the taskID of the application so it knows
    144           *          where to send the messages whent they come in.
    145           *
    146           * @param   void
    147           *
    148           * @return  void
    149           ***************************************************************************************************/

   \                                 In  segment BANKED_CODE, align 1, keep-with-next
    150          void MT_UartRegisterTaskID( byte taskID )
   \                     MT_UartRegisterTaskID:
    151          {
   \   000000   C082         PUSH    DPL
   \   000002   C083         PUSH    DPH
   \   000004                ; Saved register size: 2
   \   000004                ; Auto size: 0
    152            App_TaskID = taskID;
   \   000004   E9           MOV     A,R1
   \   000005   90....       MOV     DPTR,#App_TaskID
   \   000008   F0           MOVX    @DPTR,A
    153          }
   \   000009   D083         POP     DPH
   \   00000B   D082         POP     DPL
   \   00000D   02....       LJMP    ?BRET
    154          
    155          /***************************************************************************************************
    156           * @fn      SPIMgr_CalcFCS
    157           *
    158           * @brief   Calculate the FCS of a message buffer by XOR'ing each byte.
    159           *          Remember to NOT include SOP and FCS fields, so start at the CMD field.
    160           *
    161           * @param   byte *msg_ptr - message pointer
    162           * @param   byte len - length (in bytes) of message
    163           *
    164           * @return  result byte
    165           ***************************************************************************************************/

   \                                 In  segment BANKED_CODE, align 1, keep-with-next
    166          byte MT_UartCalcFCS( uint8 *msg_ptr, uint8 len )
   \                     MT_UartCalcFCS:
    167          {
   \   000000   C082         PUSH    DPL
   \   000002   C083         PUSH    DPH
   \   000004                ; Saved register size: 2
   \   000004                ; Auto size: 0
   \   000004   E9           MOV     A,R1
   \   000005   FC           MOV     R4,A
    168            byte x;
    169            byte xorResult;
    170          
    171            xorResult = 0;
   \   000006   7900         MOV     R1,#0x0
    172          
    173            for ( x = 0; x < len; x++, msg_ptr++ )
   \   000008   7800         MOV     R0,#0x0
   \   00000A   8012         SJMP    ??MT_UartCalcFCS_0
    174              xorResult = xorResult ^ *msg_ptr;
   \                     ??MT_UartCalcFCS_1:
   \   00000C   8A82         MOV     DPL,R2
   \   00000E   8B83         MOV     DPH,R3
   \   000010   E0           MOVX    A,@DPTR
   \   000011   C9           XCH     A,R1
   \   000012   69           XRL     A,R1
   \   000013   F9           MOV     R1,A
   \   000014   08           INC     R0
   \   000015   8A82         MOV     DPL,R2
   \   000017   8B83         MOV     DPH,R3
   \   000019   A3           INC     DPTR
   \   00001A   AA82         MOV     R2,DPL
   \   00001C   AB83         MOV     R3,DPH
   \                     ??MT_UartCalcFCS_0:
   \   00001E   E8           MOV     A,R0
   \   00001F   C3           CLR     C
   \   000020   9C           SUBB    A,R4
   \   000021   40E9         JC      ??MT_UartCalcFCS_1
    175          
    176            return ( xorResult );
   \   000023   D083         POP     DPH
   \   000025   D082         POP     DPL
   \   000027   02....       LJMP    ?BRET
    177          }
    178          
    179          
    180          /***************************************************************************************************
    181           * @fn      MT_UartProcessZToolData
    182           *
    183           * @brief   | SOP | Data Length  |   CMD   |   Data   |  FCS  |
    184           *          |  1  |     1        |    2    |  0-Len   |   1   |
    185           *
    186           *          Parses the data and determine either is SPI or just simply serial data
    187           *          then send the data to correct place (MT or APP)
    188           *
    189           * @param   port     - UART port
    190           *          event    - Event that causes the callback
    191           *
    192           *
    193           * @return  None
    194           ***************************************************************************************************/

   \                                 In  segment BANKED_CODE, align 1, keep-with-next
    195          void MT_UartProcessZToolData ( uint8 port, uint8 event )
   \                     MT_UartProcessZToolData:
    196          {
   \   000000   74F6         MOV     A,#-0xa
   \   000002   12....       LCALL   ?BANKED_ENTER_XDATA
   \   000005                ; Saved register size: 10
   \   000005                ; Auto size: 1
   \   000005   74FF         MOV     A,#-0x1
   \   000007   12....       LCALL   ?ALLOC_XSTACK8
   \   00000A   E9           MOV     A,R1
   \   00000B   FE           MOV     R6,A
    197            uint8  ch;
    198            uint8  bytesInRxBuffer;
    199            
    200            (void)event;  // Intentionally unreferenced parameter
   \   00000C   8011         SJMP    ??MT_UartProcessZToolData_0
    201          
    202            while (Hal_UART_RxBufLen(port))
    203            {
    204              HalUARTRead (port, &ch, 1);
    205          
    206              switch (state)
    207              {
    208                case SOP_STATE:
    209                  if (ch == MT_UART_SOF)
   \                     ??MT_UartProcessZToolData_1:
   \   00000E   85..82       MOV     DPL,?XSP + 0
   \   000011   85..83       MOV     DPH,?XSP + 1
   \   000014   E0           MOVX    A,@DPTR
   \   000015   64FE         XRL     A,#0xfe
   \   000017   7006         JNZ     ??MT_UartProcessZToolData_0
    210                    state = LEN_STATE;
   \   000019   90....       MOV     DPTR,#state
   \   00001C   7403         MOV     A,#0x3
   \   00001E   F0           MOVX    @DPTR,A
    211                  break;
   \                     ??MT_UartProcessZToolData_0:
   \   00001F                ; Setup parameters for call to function Hal_UART_RxBufLen
   \   00001F   EE           MOV     A,R6
   \   000020   F9           MOV     R1,A
   \   000021   12....       LCALL   ??Hal_UART_RxBufLen?relay
   \   000024   8A..         MOV     ?V0 + 0,R2
   \   000026   8B..         MOV     ?V0 + 1,R3
   \   000028   E5..         MOV     A,?V0 + 0
   \   00002A   45..         ORL     A,?V0 + 1
   \   00002C   7003         JNZ     $+5
   \   00002E   02....       LJMP    ??MT_UartProcessZToolData_2 & 0xFFFF
   \   000031                ; Setup parameters for call to function HalUARTRead
   \   000031   7C01         MOV     R4,#0x1
   \   000033   7D00         MOV     R5,#0x0
   \   000035   85..82       MOV     DPL,?XSP + 0
   \   000038   85..83       MOV     DPH,?XSP + 1
   \   00003B   AA82         MOV     R2,DPL
   \   00003D   AB83         MOV     R3,DPH
   \   00003F   EE           MOV     A,R6
   \   000040   F9           MOV     R1,A
   \   000041   12....       LCALL   ??HalUARTRead?relay
   \   000044   90....       MOV     DPTR,#state
   \   000047   E0           MOVX    A,@DPTR
   \   000048   60C4         JZ      ??MT_UartProcessZToolData_1
   \   00004A   14           DEC     A
   \   00004B   7003         JNZ     $+5
   \   00004D   02....       LJMP    ??MT_UartProcessZToolData_3 & 0xFFFF
   \   000050   14           DEC     A
   \   000051   7003         JNZ     $+5
   \   000053   02....       LJMP    ??MT_UartProcessZToolData_4 & 0xFFFF
   \   000056   14           DEC     A
   \   000057   600E         JZ      ??MT_UartProcessZToolData_5
   \   000059   14           DEC     A
   \   00005A   7003         JNZ     $+5
   \   00005C   02....       LJMP    ??MT_UartProcessZToolData_6 & 0xFFFF
   \   00005F   14           DEC     A
   \   000060   7003         JNZ     $+5
   \   000062   02....       LJMP    ??MT_UartProcessZToolData_7 & 0xFFFF
   \   000065   80B8         SJMP    ??MT_UartProcessZToolData_0
    212          
    213                case LEN_STATE:
    214                  LEN_Token = ch;
   \                     ??MT_UartProcessZToolData_5:
   \   000067   85..82       MOV     DPL,?XSP + 0
   \   00006A   85..83       MOV     DPH,?XSP + 1
   \   00006D   E0           MOVX    A,@DPTR
   \   00006E   90....       MOV     DPTR,#LEN_Token
   \   000071   F0           MOVX    @DPTR,A
    215          
    216                  tempDataLen = 0;
   \   000072   90....       MOV     DPTR,#tempDataLen
   \   000075   7400         MOV     A,#0x0
   \   000077   F0           MOVX    @DPTR,A
    217          
    218                  /* Allocate memory for the data */
    219                  pMsg = (mtOSALSerialData_t *)osal_msg_allocate( sizeof ( mtOSALSerialData_t ) +
    220                                                                  MT_RPC_FRAME_HDR_SZ + LEN_Token );
   \   000078                ; Setup parameters for call to function osal_msg_allocate
   \   000078   90....       MOV     DPTR,#LEN_Token
   \   00007B   E0           MOVX    A,@DPTR
   \   00007C   F8           MOV     R0,A
   \   00007D   7900         MOV     R1,#0x0
   \   00007F   2407         ADD     A,#0x7
   \   000081   FA           MOV     R2,A
   \   000082   E9           MOV     A,R1
   \   000083   3400         ADDC    A,#0x0
   \   000085   FB           MOV     R3,A
   \   000086   12....       LCALL   ??osal_msg_allocate?relay
   \   000089   90....       MOV     DPTR,#pMsg
   \   00008C   EA           MOV     A,R2
   \   00008D   F0           MOVX    @DPTR,A
   \   00008E   A3           INC     DPTR
   \   00008F   EB           MOV     A,R3
   \   000090   F0           MOVX    @DPTR,A
    221          
    222                  if (pMsg)
   \   000091   90....       MOV     DPTR,#pMsg
   \   000094   E0           MOVX    A,@DPTR
   \   000095   F8           MOV     R0,A
   \   000096   A3           INC     DPTR
   \   000097   E0           MOVX    A,@DPTR
   \   000098   F9           MOV     R1,A
   \   000099   E8           MOV     A,R0
   \   00009A   49           ORL     A,R1
   \   00009B   6053         JZ      ??MT_UartProcessZToolData_8
    223                  {
    224                    /* Fill up what we can */
    225                    pMsg->hdr.event = CMD_SERIAL_MSG;
   \   00009D   90....       MOV     DPTR,#pMsg
   \   0000A0   E0           MOVX    A,@DPTR
   \   0000A1   F8           MOV     R0,A
   \   0000A2   A3           INC     DPTR
   \   0000A3   E0           MOVX    A,@DPTR
   \   0000A4   F583         MOV     DPH,A
   \   0000A6   8882         MOV     DPL,R0
   \   0000A8   7401         MOV     A,#0x1
   \   0000AA   F0           MOVX    @DPTR,A
    226                    pMsg->msg = (uint8*)(pMsg+1);
   \   0000AB   90....       MOV     DPTR,#pMsg
   \   0000AE   E0           MOVX    A,@DPTR
   \   0000AF   2404         ADD     A,#0x4
   \   0000B1   F8           MOV     R0,A
   \   0000B2   A3           INC     DPTR
   \   0000B3   E0           MOVX    A,@DPTR
   \   0000B4   3400         ADDC    A,#0x0
   \   0000B6   F9           MOV     R1,A
   \   0000B7   90....       MOV     DPTR,#pMsg
   \   0000BA   E0           MOVX    A,@DPTR
   \   0000BB   FA           MOV     R2,A
   \   0000BC   A3           INC     DPTR
   \   0000BD   E0           MOVX    A,@DPTR
   \   0000BE   F583         MOV     DPH,A
   \   0000C0   8A82         MOV     DPL,R2
   \   0000C2   A3           INC     DPTR
   \   0000C3   A3           INC     DPTR
   \   0000C4   E8           MOV     A,R0
   \   0000C5   F0           MOVX    @DPTR,A
   \   0000C6   A3           INC     DPTR
   \   0000C7   E9           MOV     A,R1
   \   0000C8   F0           MOVX    @DPTR,A
    227                    pMsg->msg[MT_RPC_POS_LEN] = LEN_Token;
   \   0000C9   90....       MOV     DPTR,#LEN_Token
   \   0000CC   E0           MOVX    A,@DPTR
   \   0000CD   C0E0         PUSH    A
   \   0000CF   90....       MOV     DPTR,#pMsg
   \   0000D2   E0           MOVX    A,@DPTR
   \   0000D3   F8           MOV     R0,A
   \   0000D4   A3           INC     DPTR
   \   0000D5   E0           MOVX    A,@DPTR
   \   0000D6   F583         MOV     DPH,A
   \   0000D8   8882         MOV     DPL,R0
   \   0000DA   A3           INC     DPTR
   \   0000DB   A3           INC     DPTR
   \   0000DC   E0           MOVX    A,@DPTR
   \   0000DD   F8           MOV     R0,A
   \   0000DE   A3           INC     DPTR
   \   0000DF   E0           MOVX    A,@DPTR
   \   0000E0   F583         MOV     DPH,A
   \   0000E2   8882         MOV     DPL,R0
   \   0000E4   D0E0         POP     A
   \   0000E6   F0           MOVX    @DPTR,A
    228                    state = CMD_STATE1;
   \   0000E7   90....       MOV     DPTR,#state
   \   0000EA   7401         MOV     A,#0x1
   \   0000EC   F0           MOVX    @DPTR,A
    229                  }
    230                  else
    231                  {
    232                    state = SOP_STATE;
    233                    return;
    234                  }
    235                  break;
   \   0000ED   02....       LJMP    ??MT_UartProcessZToolData_0 & 0xFFFF
   \                     ??MT_UartProcessZToolData_8:
   \   0000F0   90....       MOV     DPTR,#state
   \   0000F3   7400         MOV     A,#0x0
   \   0000F5   F0           MOVX    @DPTR,A
   \   0000F6   02....       LJMP    ??MT_UartProcessZToolData_2 & 0xFFFF
    236          
    237                case CMD_STATE1:
    238                  pMsg->msg[MT_RPC_POS_CMD0] = ch;
   \                     ??MT_UartProcessZToolData_3:
   \   0000F9   85..82       MOV     DPL,?XSP + 0
   \   0000FC   85..83       MOV     DPH,?XSP + 1
   \   0000FF   E0           MOVX    A,@DPTR
   \   000100   C0E0         PUSH    A
   \   000102   90....       MOV     DPTR,#pMsg
   \   000105   E0           MOVX    A,@DPTR
   \   000106   F8           MOV     R0,A
   \   000107   A3           INC     DPTR
   \   000108   E0           MOVX    A,@DPTR
   \   000109   F583         MOV     DPH,A
   \   00010B   8882         MOV     DPL,R0
   \   00010D   A3           INC     DPTR
   \   00010E   A3           INC     DPTR
   \   00010F   E0           MOVX    A,@DPTR
   \   000110   F8           MOV     R0,A
   \   000111   A3           INC     DPTR
   \   000112   E0           MOVX    A,@DPTR
   \   000113   F583         MOV     DPH,A
   \   000115   8882         MOV     DPL,R0
   \   000117   A3           INC     DPTR
   \   000118   D0E0         POP     A
   \   00011A   F0           MOVX    @DPTR,A
    239                  state = CMD_STATE2;
   \   00011B   90....       MOV     DPTR,#state
   \   00011E   7402         MOV     A,#0x2
   \   000120   F0           MOVX    @DPTR,A
    240                  break;
   \   000121   02....       LJMP    ??MT_UartProcessZToolData_0 & 0xFFFF
    241          
    242                case CMD_STATE2:
    243                  pMsg->msg[MT_RPC_POS_CMD1] = ch;
   \                     ??MT_UartProcessZToolData_4:
   \   000124   85..82       MOV     DPL,?XSP + 0
   \   000127   85..83       MOV     DPH,?XSP + 1
   \   00012A   E0           MOVX    A,@DPTR
   \   00012B   C0E0         PUSH    A
   \   00012D   90....       MOV     DPTR,#pMsg
   \   000130   E0           MOVX    A,@DPTR
   \   000131   F8           MOV     R0,A
   \   000132   A3           INC     DPTR
   \   000133   E0           MOVX    A,@DPTR
   \   000134   F583         MOV     DPH,A
   \   000136   8882         MOV     DPL,R0
   \   000138   A3           INC     DPTR
   \   000139   A3           INC     DPTR
   \   00013A   E0           MOVX    A,@DPTR
   \   00013B   F8           MOV     R0,A
   \   00013C   A3           INC     DPTR
   \   00013D   E0           MOVX    A,@DPTR
   \   00013E   F583         MOV     DPH,A
   \   000140   8882         MOV     DPL,R0
   \   000142   A3           INC     DPTR
   \   000143   A3           INC     DPTR
   \   000144   D0E0         POP     A
   \   000146   F0           MOVX    @DPTR,A
    244                  /* If there is no data, skip to FCS state */
    245                  if (LEN_Token)
   \   000147   90....       MOV     DPTR,#LEN_Token
   \   00014A   E0           MOVX    A,@DPTR
   \   00014B   6008         JZ      ??MT_UartProcessZToolData_9
    246                  {
    247                    state = DATA_STATE;
   \   00014D   90....       MOV     DPTR,#state
   \   000150   7404         MOV     A,#0x4
   \   000152   F0           MOVX    @DPTR,A
   \   000153   8006         SJMP    ??MT_UartProcessZToolData_10
    248                  }
    249                  else
    250                  {
    251                    state = FCS_STATE;
   \                     ??MT_UartProcessZToolData_9:
   \   000155   90....       MOV     DPTR,#state
   \   000158   7405         MOV     A,#0x5
   \   00015A   F0           MOVX    @DPTR,A
    252                  }
    253                  break;
   \                     ??MT_UartProcessZToolData_10:
   \   00015B   02....       LJMP    ??MT_UartProcessZToolData_0 & 0xFFFF
    254          
    255                case DATA_STATE:
    256          
    257                  /* Fill in the buffer the first byte of the data */
    258                  pMsg->msg[MT_RPC_FRAME_HDR_SZ + tempDataLen++] = ch;
   \                     ??MT_UartProcessZToolData_6:
   \   00015E   85..82       MOV     DPL,?XSP + 0
   \   000161   85..83       MOV     DPH,?XSP + 1
   \   000164   E0           MOVX    A,@DPTR
   \   000165   C0E0         PUSH    A
   \   000167   90....       MOV     DPTR,#tempDataLen
   \   00016A   E0           MOVX    A,@DPTR
   \   00016B   F8           MOV     R0,A
   \   00016C   7900         MOV     R1,#0x0
   \   00016E   90....       MOV     DPTR,#pMsg
   \   000171   E0           MOVX    A,@DPTR
   \   000172   FA           MOV     R2,A
   \   000173   A3           INC     DPTR
   \   000174   E0           MOVX    A,@DPTR
   \   000175   F583         MOV     DPH,A
   \   000177   8A82         MOV     DPL,R2
   \   000179   A3           INC     DPTR
   \   00017A   A3           INC     DPTR
   \   00017B   E0           MOVX    A,@DPTR
   \   00017C   28           ADD     A,R0
   \   00017D   FA           MOV     R2,A
   \   00017E   A3           INC     DPTR
   \   00017F   E0           MOVX    A,@DPTR
   \   000180   39           ADDC    A,R1
   \   000181   8A82         MOV     DPL,R2
   \   000183   F583         MOV     DPH,A
   \   000185   A3           INC     DPTR
   \   000186   A3           INC     DPTR
   \   000187   A3           INC     DPTR
   \   000188   D0E0         POP     A
   \   00018A   F0           MOVX    @DPTR,A
   \   00018B   90....       MOV     DPTR,#tempDataLen
   \   00018E   E0           MOVX    A,@DPTR
   \   00018F   2401         ADD     A,#0x1
   \   000191   F0           MOVX    @DPTR,A
    259          
    260                  /* Check number of bytes left in the Rx buffer */
    261                  bytesInRxBuffer = Hal_UART_RxBufLen(port);
   \   000192                ; Setup parameters for call to function Hal_UART_RxBufLen
   \   000192   EE           MOV     A,R6
   \   000193   F9           MOV     R1,A
   \   000194   12....       LCALL   ??Hal_UART_RxBufLen?relay
   \   000197   EA           MOV     A,R2
   \   000198   FF           MOV     R7,A
    262          
    263                  /* If the remain of the data is there, read them all, otherwise, just read enough */
    264                  if (bytesInRxBuffer <= LEN_Token - tempDataLen)
   \   000199   90....       MOV     DPTR,#LEN_Token
   \   00019C   E0           MOVX    A,@DPTR
   \   00019D   F8           MOV     R0,A
   \   00019E   7900         MOV     R1,#0x0
   \   0001A0   90....       MOV     DPTR,#tempDataLen
   \   0001A3   E0           MOVX    A,@DPTR
   \   0001A4   FA           MOV     R2,A
   \   0001A5   7B00         MOV     R3,#0x0
   \   0001A7   E8           MOV     A,R0
   \   0001A8   C3           CLR     C
   \   0001A9   9A           SUBB    A,R2
   \   0001AA   F8           MOV     R0,A
   \   0001AB   E9           MOV     A,R1
   \   0001AC   9B           SUBB    A,R3
   \   0001AD   F9           MOV     R1,A
   \   0001AE   8F..         MOV     ?V0 + 0,R7
   \   0001B0   75..00       MOV     ?V0 + 1,#0x0
   \   0001B3   C3           CLR     C
   \   0001B4   E8           MOV     A,R0
   \   0001B5   95..         SUBB    A,?V0 + 0
   \   0001B7   E9           MOV     A,R1
   \   0001B8   95..         SUBB    A,?V0 + 1
   \   0001BA   A2D2         MOV     C,0xD0 /* PSW */.2
   \   0001BC   65D0         XRL     A,PSW
   \   0001BE   33           RLC     A
   \   0001BF   403B         JC      ??MT_UartProcessZToolData_11
    265                  {
    266                    HalUARTRead (port, &pMsg->msg[MT_RPC_FRAME_HDR_SZ + tempDataLen], bytesInRxBuffer);
   \   0001C1                ; Setup parameters for call to function HalUARTRead
   \   0001C1   8F..         MOV     ?V0 + 0,R7
   \   0001C3   75..00       MOV     ?V0 + 1,#0x0
   \   0001C6   AC..         MOV     R4,?V0 + 0
   \   0001C8   AD..         MOV     R5,?V0 + 1
   \   0001CA   90....       MOV     DPTR,#tempDataLen
   \   0001CD   E0           MOVX    A,@DPTR
   \   0001CE   F8           MOV     R0,A
   \   0001CF   7900         MOV     R1,#0x0
   \   0001D1   90....       MOV     DPTR,#pMsg
   \   0001D4   E0           MOVX    A,@DPTR
   \   0001D5   FA           MOV     R2,A
   \   0001D6   A3           INC     DPTR
   \   0001D7   E0           MOVX    A,@DPTR
   \   0001D8   F583         MOV     DPH,A
   \   0001DA   8A82         MOV     DPL,R2
   \   0001DC   A3           INC     DPTR
   \   0001DD   A3           INC     DPTR
   \   0001DE   E0           MOVX    A,@DPTR
   \   0001DF   28           ADD     A,R0
   \   0001E0   FA           MOV     R2,A
   \   0001E1   A3           INC     DPTR
   \   0001E2   E0           MOVX    A,@DPTR
   \   0001E3   39           ADDC    A,R1
   \   0001E4   8A82         MOV     DPL,R2
   \   0001E6   F583         MOV     DPH,A
   \   0001E8   A3           INC     DPTR
   \   0001E9   A3           INC     DPTR
   \   0001EA   A3           INC     DPTR
   \   0001EB   AA82         MOV     R2,DPL
   \   0001ED   AB83         MOV     R3,DPH
   \   0001EF   EE           MOV     A,R6
   \   0001F0   F9           MOV     R1,A
   \   0001F1   12....       LCALL   ??HalUARTRead?relay
    267                    tempDataLen += bytesInRxBuffer;
   \   0001F4   90....       MOV     DPTR,#tempDataLen
   \   0001F7   E0           MOVX    A,@DPTR
   \   0001F8   2F           ADD     A,R7
   \   0001F9   F0           MOVX    @DPTR,A
   \   0001FA   805C         SJMP    ??MT_UartProcessZToolData_12
    268                  }
    269                  else
    270                  {
    271                    HalUARTRead (port, &pMsg->msg[MT_RPC_FRAME_HDR_SZ + tempDataLen], LEN_Token - tempDataLen);
   \                     ??MT_UartProcessZToolData_11:
   \   0001FC                ; Setup parameters for call to function HalUARTRead
   \   0001FC   90....       MOV     DPTR,#LEN_Token
   \   0001FF   E0           MOVX    A,@DPTR
   \   000200   F8           MOV     R0,A
   \   000201   7900         MOV     R1,#0x0
   \   000203   90....       MOV     DPTR,#tempDataLen
   \   000206   E0           MOVX    A,@DPTR
   \   000207   FA           MOV     R2,A
   \   000208   7B00         MOV     R3,#0x0
   \   00020A   E8           MOV     A,R0
   \   00020B   C3           CLR     C
   \   00020C   9A           SUBB    A,R2
   \   00020D   FC           MOV     R4,A
   \   00020E   E9           MOV     A,R1
   \   00020F   9B           SUBB    A,R3
   \   000210   FD           MOV     R5,A
   \   000211   90....       MOV     DPTR,#tempDataLen
   \   000214   E0           MOVX    A,@DPTR
   \   000215   F8           MOV     R0,A
   \   000216   7900         MOV     R1,#0x0
   \   000218   90....       MOV     DPTR,#pMsg
   \   00021B   E0           MOVX    A,@DPTR
   \   00021C   FA           MOV     R2,A
   \   00021D   A3           INC     DPTR
   \   00021E   E0           MOVX    A,@DPTR
   \   00021F   F583         MOV     DPH,A
   \   000221   8A82         MOV     DPL,R2
   \   000223   A3           INC     DPTR
   \   000224   A3           INC     DPTR
   \   000225   E0           MOVX    A,@DPTR
   \   000226   28           ADD     A,R0
   \   000227   FA           MOV     R2,A
   \   000228   A3           INC     DPTR
   \   000229   E0           MOVX    A,@DPTR
   \   00022A   39           ADDC    A,R1
   \   00022B   8A82         MOV     DPL,R2
   \   00022D   F583         MOV     DPH,A
   \   00022F   A3           INC     DPTR
   \   000230   A3           INC     DPTR
   \   000231   A3           INC     DPTR
   \   000232   AA82         MOV     R2,DPL
   \   000234   AB83         MOV     R3,DPH
   \   000236   EE           MOV     A,R6
   \   000237   F9           MOV     R1,A
   \   000238   12....       LCALL   ??HalUARTRead?relay
    272                    tempDataLen += (LEN_Token - tempDataLen);
   \   00023B   90....       MOV     DPTR,#tempDataLen
   \   00023E   E0           MOVX    A,@DPTR
   \   00023F   F9           MOV     R1,A
   \   000240   90....       MOV     DPTR,#LEN_Token
   \   000243   C082         PUSH    DPL
   \   000245   C083         PUSH    DPH
   \   000247   90....       MOV     DPTR,#tempDataLen
   \   00024A   E0           MOVX    A,@DPTR
   \   00024B   D083         POP     DPH
   \   00024D   D082         POP     DPL
   \   00024F   F8           MOV     R0,A
   \   000250   E0           MOVX    A,@DPTR
   \   000251   28           ADD     A,R0
   \   000252   C3           CLR     C
   \   000253   99           SUBB    A,R1
   \   000254   90....       MOV     DPTR,#tempDataLen
   \   000257   F0           MOVX    @DPTR,A
    273                  }
    274          
    275                  /* If number of bytes read is equal to data length, time to move on to FCS */
    276                  if ( tempDataLen == LEN_Token )
   \                     ??MT_UartProcessZToolData_12:
   \   000258   90....       MOV     DPTR,#tempDataLen
   \   00025B   E0           MOVX    A,@DPTR
   \   00025C   F8           MOV     R0,A
   \   00025D   90....       MOV     DPTR,#LEN_Token
   \   000260   E0           MOVX    A,@DPTR
   \   000261   68           XRL     A,R0
   \   000262   7006         JNZ     ??MT_UartProcessZToolData_13
    277                      state = FCS_STATE;
   \   000264   90....       MOV     DPTR,#state
   \   000267   7405         MOV     A,#0x5
   \   000269   F0           MOVX    @DPTR,A
    278          
    279                  break;
   \                     ??MT_UartProcessZToolData_13:
   \   00026A   02....       LJMP    ??MT_UartProcessZToolData_0 & 0xFFFF
    280          
    281                case FCS_STATE:
    282          
    283                  FSC_Token = ch;
   \                     ??MT_UartProcessZToolData_7:
   \   00026D   85..82       MOV     DPL,?XSP + 0
   \   000270   85..83       MOV     DPH,?XSP + 1
   \   000273   E0           MOVX    A,@DPTR
   \   000274   90....       MOV     DPTR,#FSC_Token
   \   000277   F0           MOVX    @DPTR,A
    284          
    285                  /* Make sure it's correct */
    286                  if ((MT_UartCalcFCS ((uint8*)&pMsg->msg[0], MT_RPC_FRAME_HDR_SZ + LEN_Token) == FSC_Token))
   \   000278                ; Setup parameters for call to function MT_UartCalcFCS
   \   000278   90....       MOV     DPTR,#LEN_Token
   \   00027B   E0           MOVX    A,@DPTR
   \   00027C   2403         ADD     A,#0x3
   \   00027E   F9           MOV     R1,A
   \   00027F   90....       MOV     DPTR,#pMsg
   \   000282   E0           MOVX    A,@DPTR
   \   000283   F8           MOV     R0,A
   \   000284   A3           INC     DPTR
   \   000285   E0           MOVX    A,@DPTR
   \   000286   F583         MOV     DPH,A
   \   000288   8882         MOV     DPL,R0
   \   00028A   A3           INC     DPTR
   \   00028B   A3           INC     DPTR
   \   00028C   E0           MOVX    A,@DPTR
   \   00028D   FA           MOV     R2,A
   \   00028E   A3           INC     DPTR
   \   00028F   E0           MOVX    A,@DPTR
   \   000290   FB           MOV     R3,A
   \   000291   12....       LCALL   ??MT_UartCalcFCS?relay
   \   000294   E9           MOV     A,R1
   \   000295   F8           MOV     R0,A
   \   000296   90....       MOV     DPTR,#FSC_Token
   \   000299   E0           MOVX    A,@DPTR
   \   00029A   68           XRL     A,R0
   \   00029B   7013         JNZ     ??MT_UartProcessZToolData_14
    287                  {
    288                    osal_msg_send( App_TaskID, (byte *)pMsg );
   \   00029D                ; Setup parameters for call to function osal_msg_send
   \   00029D   90....       MOV     DPTR,#pMsg
   \   0002A0   E0           MOVX    A,@DPTR
   \   0002A1   FA           MOV     R2,A
   \   0002A2   A3           INC     DPTR
   \   0002A3   E0           MOVX    A,@DPTR
   \   0002A4   FB           MOV     R3,A
   \   0002A5   90....       MOV     DPTR,#App_TaskID
   \   0002A8   E0           MOVX    A,@DPTR
   \   0002A9   F9           MOV     R1,A
   \   0002AA   12....       LCALL   ??osal_msg_send?relay
   \   0002AD   E9           MOV     A,R1
   \   0002AE   800C         SJMP    ??MT_UartProcessZToolData_15
    289                  }
    290                  else
    291                  {
    292                    /* deallocate the msg */
    293                    osal_msg_deallocate ( (uint8 *)pMsg );
   \                     ??MT_UartProcessZToolData_14:
   \   0002B0                ; Setup parameters for call to function osal_msg_deallocate
   \   0002B0   90....       MOV     DPTR,#pMsg
   \   0002B3   E0           MOVX    A,@DPTR
   \   0002B4   FA           MOV     R2,A
   \   0002B5   A3           INC     DPTR
   \   0002B6   E0           MOVX    A,@DPTR
   \   0002B7   FB           MOV     R3,A
   \   0002B8   12....       LCALL   ??osal_msg_deallocate?relay
   \   0002BB   E9           MOV     A,R1
    294                  }
    295          
    296                  /* Reset the state, send or discard the buffers at this point */
    297                  state = SOP_STATE;
   \                     ??MT_UartProcessZToolData_15:
   \   0002BC   90....       MOV     DPTR,#state
   \   0002BF   7400         MOV     A,#0x0
   \   0002C1   F0           MOVX    @DPTR,A
    298          
    299                  break;
   \   0002C2   02....       LJMP    ??MT_UartProcessZToolData_0 & 0xFFFF
    300          
    301                default:
    302                 break;
    303              }
    304            }
    305          }
   \                     ??MT_UartProcessZToolData_2:
   \   0002C5   7401         MOV     A,#0x1
   \   0002C7   12....       LCALL   ?DEALLOC_XSTACK8
   \   0002CA   7F02         MOV     R7,#0x2
   \   0002CC   02....       LJMP    ?BANKED_LEAVE_XDATA

   \                                 In  segment BANK_RELAYS, align 1
   \                     ??MT_UartInit?relay:
   \   000000   12....       LCALL   ?BDISPATCH
   \   000003   ......       DC24    MT_UartInit

   \                                 In  segment BANK_RELAYS, align 1
   \                     ??MT_UartRegisterTaskID?relay:
   \   000000   12....       LCALL   ?BDISPATCH
   \   000003   ......       DC24    MT_UartRegisterTaskID

   \                                 In  segment BANK_RELAYS, align 1
   \                     ??MT_UartCalcFCS?relay:
   \   000000   12....       LCALL   ?BDISPATCH
   \   000003   ......       DC24    MT_UartCalcFCS

   \                                 In  segment BANK_RELAYS, align 1
   \                     ??MT_UartProcessZToolData?relay:
   \   000000   12....       LCALL   ?BDISPATCH
   \   000003   ......       DC24    MT_UartProcessZToolData
    306          
    307          #if defined (ZAPP_P1) || defined (ZAPP_P2)
    308          /***************************************************************************************************
    309           * @fn      MT_UartProcessZAppData
    310           *
    311           * @brief   | SOP | CMD  |   Data Length   | FSC  |
    312           *          |  1  |  2   |       1         |  1   |
    313           *
    314           *          Parses the data and determine either is SPI or just simply serial data
    315           *          then send the data to correct place (MT or APP)
    316           *
    317           * @param   port    - UART port
    318           *          event   - Event that causes the callback
    319           *
    320           *
    321           * @return  None
    322           ***************************************************************************************************/
    323          void MT_UartProcessZAppData ( uint8 port, uint8 event )
    324          {
    325          
    326            osal_event_hdr_t  *msg_ptr;
    327            uint16 length = 0;
    328            uint16 rxBufLen  = Hal_UART_RxBufLen(MT_UART_DEFAULT_PORT);
    329          
    330            /*
    331               If maxZAppBufferLength is 0 or larger than current length
    332               the entire length of the current buffer is returned.
    333            */
    334            if ((MT_UartMaxZAppBufLen != 0) && (MT_UartMaxZAppBufLen <= rxBufLen))
    335            {
    336              length = MT_UartMaxZAppBufLen;
    337            }
    338            else
    339            {
    340              length = rxBufLen;
    341            }
    342          
    343            /* Verify events */
    344            if (event == HAL_UART_TX_FULL)
    345            {
    346              // Do something when TX if full
    347              return;
    348            }
    349          
    350            if (event & ( HAL_UART_RX_FULL | HAL_UART_RX_ABOUT_FULL | HAL_UART_RX_TIMEOUT))
    351            {
    352              if ( App_TaskID )
    353              {
    354                /*
    355                   If Application is ready to receive and there is something
    356                   in the Rx buffer then send it up
    357                */
    358                if ((MT_UartZAppRxStatus == MT_UART_ZAPP_RX_READY ) && (length != 0))
    359                {
    360                  /* Disable App flow control until it processes the current data */
    361                   MT_UartAppFlowControl (MT_UART_ZAPP_RX_NOT_READY);
    362          
    363                  /* 2 more bytes are added, 1 for CMD type, other for length */
    364                  msg_ptr = (osal_event_hdr_t *)osal_msg_allocate( length + sizeof(osal_event_hdr_t) );
    365                  if ( msg_ptr )
    366                  {
    367                    msg_ptr->event = SPI_INCOMING_ZAPP_DATA;
    368                    msg_ptr->status = length;
    369          
    370                    /* Read the data of Rx buffer */
    371                    HalUARTRead( MT_UART_DEFAULT_PORT, (uint8 *)(msg_ptr + 1), length );
    372          
    373                    /* Send the raw data to application...or where ever */
    374                    osal_msg_send( App_TaskID, (uint8 *)msg_ptr );
    375                  }
    376                }
    377              }
    378            }
    379          }
    380          
    381          /***************************************************************************************************
    382           * @fn      SPIMgr_ZAppBufferLengthRegister
    383           *
    384           * @brief
    385           *
    386           * @param   maxLen - Max Length that the application wants at a time
    387           *
    388           * @return  None
    389           *
    390           ***************************************************************************************************/
    391          void MT_UartZAppBufferLengthRegister ( uint16 maxLen )
    392          {
    393            /* If the maxLen is larger than the RX buff, something is not right */
    394            if (maxLen <= MT_UART_DEFAULT_MAX_RX_BUFF)
    395              MT_UartMaxZAppBufLen = maxLen;
    396            else
    397              MT_UartMaxZAppBufLen = 1; /* default is 1 byte */
    398          }
    399          
    400          /***************************************************************************************************
    401           * @fn      SPIMgr_AppFlowControl
    402           *
    403           * @brief
    404           *
    405           * @param   status - ready to send or not
    406           *
    407           * @return  None
    408           *
    409           ***************************************************************************************************/
    410          void MT_UartAppFlowControl ( bool status )
    411          {
    412          
    413            /* Make sure only update if needed */
    414            if (status != MT_UartZAppRxStatus )
    415            {
    416              MT_UartZAppRxStatus = status;
    417            }
    418          
    419            /* App is ready to read again, ProcessZAppData have to be triggered too */
    420            if (status == MT_UART_ZAPP_RX_READY)
    421            {
    422              MT_UartProcessZAppData (MT_UART_DEFAULT_PORT, HAL_UART_RX_TIMEOUT );
    423            }
    424          
    425          }
    426          
    427          #endif //ZAPP
    428          
    429          /***************************************************************************************************
    430          ***************************************************************************************************/

   Maximum stack usage in bytes:

     Function                 ISTACK PSTACK XSTACK
     --------                 ------ ------ ------
     MT_UartCalcFCS               2      0     11
     MT_UartInit                  2      0     29
       -> HalUARTOpen             4      0     58
     MT_UartProcessZToolData      2      0     11
       -> Hal_UART_RxBufLen       0      0     22
       -> HalUARTRead             0      0     22
       -> osal_msg_allocate       0      0     22
       -> Hal_UART_RxBufLen       0      0     22
       -> HalUARTRead             0      0     22
       -> HalUARTRead             0      0     22
       -> MT_UartCalcFCS          0      0     22
       -> osal_msg_send           0      0     22
       -> osal_msg_deallocate     0      0     22
     MT_UartRegisterTaskID        2      0      0


   Segment part sizes:

     Function/Label                  Bytes
     --------------                  -----
     App_TaskID                         1
     state                              1
     CMD_Token                          2
     LEN_Token                          1
     FSC_Token                          1
     pMsg                               2
     tempDataLen                        1
     MT_UartInit                      132
     MT_UartRegisterTaskID             16
     MT_UartCalcFCS                    42
     MT_UartProcessZToolData          719
     ??MT_UartInit?relay                6
     ??MT_UartRegisterTaskID?relay      6
     ??MT_UartCalcFCS?relay             6
     ??MT_UartProcessZToolData?relay    6

 
 909 bytes in segment BANKED_CODE
  24 bytes in segment BANK_RELAYS
   9 bytes in segment XDATA_Z
 
 933 bytes of CODE  memory
   9 bytes of XDATA memory

Errors: none
Warnings: none
