###############################################################################
#                                                                             #
# IAR C/C++ Compiler V8.10.3.10338/W32 for 8051         25/Aug/2018  23:10:08 #
# Copyright 2004-2011 IAR Systems AB.                                         #
#                                                                             #
#    Core               =  plain                                              #
#    Code model         =  banked                                             #
#    Data model         =  large                                              #
#    Calling convention =  xdata reentrant                                    #
#    Constant location  =  data_rom                                           #
#    Dptr setup         =  1,16                                               #
#    Source file        =  F:\work\iot-hardware\logger\logger\Components\zmac #
#                          \f8w\zmac_cb.c                                     #
#    Command line       =  -f F:\work\iot-hardware\logger\logger\Projects\zst #
#                          ack\Samples\GenericApp\CC2530DB\..\..\..\Tools\CC2 #
#                          530DB\f8wEndev.cfg (-DCPU32MHZ -DROOT=__near_func  #
#                          -DMAC_CFG_TX_DATA_MAX=3 -DMAC_CFG_TX_MAX=6         #
#                          -DMAC_CFG_RX_MAX=3) -f F:\work\iot-hardware\logger #
#                          \logger\Projects\zstack\Samples\GenericApp\CC2530D #
#                          B\..\..\..\Tools\CC2530DB\f8wConfig.cfg            #
#                          (-DZIGBEEPRO -DSECURE=0 -DZG_SECURE_DYNAMIC=0      #
#                          -DREFLECTOR -DDEFAULT_CHANLIST=0x00000800          #
#                          -DZDAPP_CONFIG_PAN_ID=0xFFFF                       #
#                          -DNWK_START_DELAY=100 -DEXTENDED_JOINING_RANDOM_MA #
#                          SK=0x007F -DBEACON_REQUEST_DELAY=100               #
#                          -DBEACON_REQ_DELAY_MASK=0x00FF                     #
#                          -DLINK_STATUS_JITTER_MASK=0x007F                   #
#                          -DROUTE_EXPIRY_TIME=30 -DAPSC_ACK_WAIT_DURATION_PO #
#                          LLED=3000 -DNWK_INDIRECT_MSG_TIMEOUT=7             #
#                          -DMAX_RREQ_ENTRIES=8 -DAPSC_MAX_FRAME_RETRIES=3    #
#                          -DNWK_MAX_DATA_RETRIES=2                           #
#                          -DMAX_POLL_FAILURE_RETRIES=2 -DMAX_BCAST=9         #
#                          -DAPS_MAX_GROUPS=16 -DMAX_RTG_ENTRIES=40           #
#                          -DNWK_MAX_BINDING_ENTRIES=4                        #
#                          -DMAX_BINDING_CLUSTER_IDS=4 "-DDEFAULT_KEY={0x01,  #
#                          0x03, 0x05, 0x07, 0x09, 0x0B, 0x0D, 0x0F, 0x00,    #
#                          0x02, 0x04, 0x06, 0x08, 0x0A, 0x0C, 0x0D}"         #
#                          -DMAC_MAX_FRAME_SIZE=116                           #
#                          -DZDNWKMGR_MIN_TRANSMISSIONS=20 "-DCONST=const     #
#                          __code" -DGENERIC=__generic                        #
#                          -DRFD_RCVC_ALWAYS_ON=FALSE -DPOLL_RATE=1000        #
#                          -DQUEUED_POLL_RATE=100 -DRESPONSE_POLL_RATE=100)   #
#                          -DREJOIN_POLL_RATE=440 F:\work\iot-hardware\logger #
#                          \logger\Components\zmac\f8w\zmac_cb.c -D           #
#                          NWK_AUTO_POLL -D ZTOOL_P1 -D MT_TASK -D            #
#                          MT_SYS_FUNC -D MT_ZDO_FUNC -D LCD_SUPPORTED=DEBUG  #
#                          -D xPOWER_SAVING -lC F:\work\iot-hardware\logger\l #
#                          ogger\Projects\zstack\Samples\GenericApp\CC2530DB\ #
#                          EndDeviceEB\List\ -lA F:\work\iot-hardware\logger\ #
#                          logger\Projects\zstack\Samples\GenericApp\CC2530DB #
#                          \EndDeviceEB\List\ --diag_suppress Pe001,Pa010 -o  #
#                          F:\work\iot-hardware\logger\logger\Projects\zstack #
#                          \Samples\GenericApp\CC2530DB\EndDeviceEB\Obj\ -e   #
#                          --no_cse --no_unroll --no_inline --no_code_motion  #
#                          --no_tbaa --debug --core=plain --dptr=16,1         #
#                          --data_model=large --code_model=banked             #
#                          --calling_convention=xdata_reentrant               #
#                          --place_constants=data_rom --nr_virtual_regs 16    #
#                          -I F:\work\iot-hardware\logger\logger\Projects\zst #
#                          ack\Samples\GenericApp\CC2530DB\ -I                #
#                          F:\work\iot-hardware\logger\logger\Projects\zstack #
#                          \Samples\GenericApp\CC2530DB\..\Source\ -I         #
#                          F:\work\iot-hardware\logger\logger\Projects\zstack #
#                          \Samples\GenericApp\CC2530DB\..\..\..\ZMain\TI2530 #
#                          DB\ -I F:\work\iot-hardware\logger\logger\Projects #
#                          \zstack\Samples\GenericApp\CC2530DB\..\..\..\..\.. #
#                          \Components\hal\include\ -I                        #
#                          F:\work\iot-hardware\logger\logger\Projects\zstack #
#                          \Samples\GenericApp\CC2530DB\..\..\..\..\..\Compon #
#                          ents\hal\target\CC2530EB\ -I                       #
#                          F:\work\iot-hardware\logger\logger\Projects\zstack #
#                          \Samples\GenericApp\CC2530DB\..\..\..\..\..\Compon #
#                          ents\mac\include\ -I F:\work\iot-hardware\logger\l #
#                          ogger\Projects\zstack\Samples\GenericApp\CC2530DB\ #
#                          ..\..\..\..\..\Components\mac\high_level\ -I       #
#                          F:\work\iot-hardware\logger\logger\Projects\zstack #
#                          \Samples\GenericApp\CC2530DB\..\..\..\..\..\Compon #
#                          ents\mac\low_level\srf04\ -I                       #
#                          F:\work\iot-hardware\logger\logger\Projects\zstack #
#                          \Samples\GenericApp\CC2530DB\..\..\..\..\..\Compon #
#                          ents\mac\low_level\srf04\single_chip\ -I           #
#                          F:\work\iot-hardware\logger\logger\Projects\zstack #
#                          \Samples\GenericApp\CC2530DB\..\..\..\..\..\Compon #
#                          ents\mt\ -I F:\work\iot-hardware\logger\logger\Pro #
#                          jects\zstack\Samples\GenericApp\CC2530DB\..\..\..\ #
#                          ..\..\Components\osal\include\ -I                  #
#                          F:\work\iot-hardware\logger\logger\Projects\zstack #
#                          \Samples\GenericApp\CC2530DB\..\..\..\..\..\Compon #
#                          ents\services\saddr\ -I F:\work\iot-hardware\logge #
#                          r\logger\Projects\zstack\Samples\GenericApp\CC2530 #
#                          DB\..\..\..\..\..\Components\services\sdata\ -I    #
#                          F:\work\iot-hardware\logger\logger\Projects\zstack #
#                          \Samples\GenericApp\CC2530DB\..\..\..\..\..\Compon #
#                          ents\stack\af\ -I F:\work\iot-hardware\logger\logg #
#                          er\Projects\zstack\Samples\GenericApp\CC2530DB\..\ #
#                          ..\..\..\..\Components\stack\nwk\ -I               #
#                          F:\work\iot-hardware\logger\logger\Projects\zstack #
#                          \Samples\GenericApp\CC2530DB\..\..\..\..\..\Compon #
#                          ents\stack\sapi\ -I F:\work\iot-hardware\logger\lo #
#                          gger\Projects\zstack\Samples\GenericApp\CC2530DB\. #
#                          .\..\..\..\..\Components\stack\sec\ -I             #
#                          F:\work\iot-hardware\logger\logger\Projects\zstack #
#                          \Samples\GenericApp\CC2530DB\..\..\..\..\..\Compon #
#                          ents\stack\sys\ -I F:\work\iot-hardware\logger\log #
#                          ger\Projects\zstack\Samples\GenericApp\CC2530DB\.. #
#                          \..\..\..\..\Components\stack\zdo\ -I              #
#                          F:\work\iot-hardware\logger\logger\Projects\zstack #
#                          \Samples\GenericApp\CC2530DB\..\..\..\..\..\Compon #
#                          ents\zmac\ -I F:\work\iot-hardware\logger\logger\P #
#                          rojects\zstack\Samples\GenericApp\CC2530DB\..\..\. #
#                          .\..\..\Components\zmac\f8w\ -Ol                   #
#                          --require_prototypes                               #
#    List file          =  F:\work\iot-hardware\logger\logger\Projects\zstack #
#                          \Samples\GenericApp\CC2530DB\EndDeviceEB\List\zmac #
#                          _cb.lst                                            #
#    Object file        =  F:\work\iot-hardware\logger\logger\Projects\zstack #
#                          \Samples\GenericApp\CC2530DB\EndDeviceEB\Obj\zmac_ #
#                          cb.r51                                             #
#                                                                             #
#                                                                             #
###############################################################################

F:\work\iot-hardware\logger\logger\Components\zmac\f8w\zmac_cb.c
      1          /**************************************************************************************************
      2            Filename:       zmac_cb.c
      3            Revised:        $Date: 2012-03-08 17:10:16 -0800 (Thu, 08 Mar 2012) $
      4            Revision:       $Revision: 29685 $
      5          
      6            Description:    This file contains the NWK functions that the ZMAC calls
      7          
      8          
      9            Copyright 2005-2012 Texas Instruments Incorporated. All rights reserved.
     10          
     11            IMPORTANT: Your use of this Software is limited to those specific rights
     12            granted under the terms of a software license agreement between the user
     13            who downloaded the software, his/her employer (which must be your employer)
     14            and Texas Instruments Incorporated (the "License").  You may not use this
     15            Software unless you agree to abide by the terms of the License. The License
     16            limits your use, and you acknowledge, that the Software may not be modified,
     17            copied or distributed unless embedded on a Texas Instruments microcontroller
     18            or used solely and exclusively in conjunction with a Texas Instruments radio
     19            frequency transceiver, which is integrated into your product.  Other than for
     20            the foregoing purpose, you may not use, reproduce, copy, prepare derivative
     21            works of, modify, distribute, perform, display or sell this Software and/or
     22            its documentation for any purpose.
     23          
     24            YOU FURTHER ACKNOWLEDGE AND AGREE THAT THE SOFTWARE AND DOCUMENTATION ARE
     25            PROVIDED “AS IS” WITHOUT WARRANTY OF ANY KIND, EITHER EXPRESS OR IMPLIED,
     26            INCLUDING WITHOUT LIMITATION, ANY WARRANTY OF MERCHANTABILITY, TITLE,
     27            NON-INFRINGEMENT AND FITNESS FOR A PARTICULAR PURPOSE. IN NO EVENT SHALL
     28            TEXAS INSTRUMENTS OR ITS LICENSORS BE LIABLE OR OBLIGATED UNDER CONTRACT,
     29            NEGLIGENCE, STRICT LIABILITY, CONTRIBUTION, BREACH OF WARRANTY, OR OTHER
     30            LEGAL EQUITABLE THEORY ANY DIRECT OR INDIRECT DAMAGES OR EXPENSES
     31            INCLUDING BUT NOT LIMITED TO ANY INCIDENTAL, SPECIAL, INDIRECT, PUNITIVE
     32            OR CONSEQUENTIAL DAMAGES, LOST PROFITS OR LOST DATA, COST OF PROCUREMENT
     33            OF SUBSTITUTE GOODS, TECHNOLOGY, SERVICES, OR ANY CLAIMS BY THIRD PARTIES
     34            (INCLUDING BUT NOT LIMITED TO ANY DEFENSE THEREOF), OR OTHER SIMILAR COSTS.
     35          
     36            Should you have any questions regarding your right to use this Software,
     37            contact Texas Instruments Incorporated at www.TI.com.
     38          **************************************************************************************************/
     39          
     40          /********************************************************************************************************
     41           *                                               INCLUDES
     42           ********************************************************************************************************/
     43          
     44          #include "ZComDef.h"
     45          #include "OSAL.h"
     46          #include "ZMAC.h"
     47          #include "MT_MAC.h"
     48          #include "hal_mcu.h"

   \                                 In  segment SFR_AN, at 0xa8
   \   union <unnamed> volatile __sfr _A_IEN0
   \                     _A_IEN0:
   \   000000                DS 1
     49          
     50          #if !defined NONWK
     51          #include "nwk.h"
     52          #include "nwk_bufs.h"
     53          #include "ZGlobals.h"
     54          #endif
     55          
     56          #if defined( MACSIM )
     57            #include "mac_sim.h"
     58          #endif
     59          
     60          #include "mac_security.h"
     61          
     62          #include "mac_main.h"
     63          extern void *ZMac_ScanBuf;
     64          
     65          /********************************************************************************************************
     66           *                                               CONSTANTS
     67           ********************************************************************************************************/
     68          
     69          #if !defined NONWK
     70          /* Lookup table for size of structures. Must match with the order of MAC callback events */

   \                                 In  segment CODE_C, align 1
     71          const uint8 CODE zmacCBSizeTable [] = {
   \                     zmacCBSizeTable:
   \   000000   00           DB 0
   \   000001   16           DB 22
   \   000002   0F           DB 15
   \   000003   00           DB 0
   \   000004   00           DB 0
   \   000005   0B           DB 11
   \   000006   15           DB 21
   \   000007   0B           DB 11
   \   000008   02           DB 2
   \   000009   00           DB 0
   \   00000A   02           DB 2
   \   00000B   22           DB 34
   \   00000C   0F           DB 15
   \   00000D   32           DB 50
   \   00000E   00           DB 0
   \   00000F   00           DB 0
   \   000010   06           DB 6
     72            0,
     73            sizeof(ZMacAssociateInd_t),       // MAC_MLME_ASSOCIATE_IND      1   Associate indication
     74            sizeof(ZMacAssociateCnf_t),       // MAC_MLME_ASSOCIATE_CNF      2   Associate confirm
     75            0,                                // MAC_MLME_DISASSOCIATE_IND   3   Disassociate indication
     76            0,                                // MAC_MLME_DISASSOCIATE_CNF   4   Disassociate confirm
     77            sizeof(macMlmeBeaconNotifyInd_t), // MAC_MLME_BEACON_NOTIFY_IND  5   con notify indication
     78            sizeof(ZMacOrphanInd_t),          // MAC_MLME_ORPHAN_IND         6   Orphan indication
     79            sizeof(ZMacScanCnf_t),            // MAC_MLME_SCAN_CNF           7   Scan confirm
     80            sizeof(ZMacStartCnf_t),           // MAC_MLME_START_CNF          8   Start confirm
     81            0,                                // MAC_MLME_SYNC_LOSS_IND      9   Sync loss indication
     82            sizeof(ZMacPollCnf_t),            // MAC_MLME_POLL_CNF           10  Poll confirm
     83            sizeof(ZMacCommStatusInd_t),      // MAC_MLME_COMM_STATUS_IND    11  Comm status indication
     84            sizeof(ZMacDataCnf_t),            // MAC_MCPS_DATA_CNF           12  Data confirm
     85            sizeof(macMcpsDataInd_t),         // MAC_MCPS_DATA_IND           13  Data indication
     86            0,                                // MAC_MCPS_PURGE_CNF          14  Purge confirm
     87            0,                                // MAC_PWR_ON_CNF              15  Power on confirm
     88            sizeof(ZMacPollInd_t)             // MAC_MLME_POLL_IND           16  Poll indication
     89          };
     90          #endif /* !defined NONWK */
     91          
     92          /********************************************************************************************************
     93           *                                               LOCALS
     94           ********************************************************************************************************/
     95          
     96          /* LQI Adjustment Mode */

   \                                 In  segment XDATA_Z, align 1, keep-with-next
     97          static ZMacLqiAdjust_t lqiAdjMode = LQI_ADJ_OFF;
   \                     lqiAdjMode:
   \   000000                DS 1
   \   000001                REQUIRE __INIT_XDATA_Z
     98          
     99          #if !defined NONWK
    100          /* LQI Adjustment Function */
    101          static void ZMacLqiAdjust( uint8 corr, uint8* lqi );
    102          #endif
    103          
    104          /*********************************************************************
    105           * ZMAC Function Pointers
    106           */
    107          
    108          /*
    109           * ZMac Application callback function. This function will be called
    110           * for every MAC message that is received over-the-air or generated
    111           * locally by MAC for the application.
    112           *
    113           * The callback function should return TRUE if it has handled the
    114           * MAC message and no further action should be taken with it. It
    115           * should return FALSE if it has not handled the MAC message and
    116           * normal processing should take place.
    117           *
    118           * NOTE: The processing in this function should be kept to the
    119           *       minimum.
    120           */

   \                                 In  segment XDATA_Z, align 1, keep-with-next
    121          uint8 (*pZMac_AppCallback)( uint8 *msgPtr ) = (void*)NULL;
   \                     pZMac_AppCallback:
   \   000000                DS 2
   \   000002                REQUIRE __INIT_XDATA_Z
    122          
    123          
    124          /*********************************************************************
    125           * ZMAC Functions
    126           */
    127          
    128          /**************************************************************************************************
    129           * @fn       MAC_CbackEvent()
    130           *
    131           * @brief    convert MAC data confirm and indication to ZMac and send to NWK
    132           *
    133           * @param    pData - pointer to macCbackEvent_t
    134           *
    135           * @return   none
    136           *************************************************************************************************/

   \                                 In  segment BANKED_CODE, align 1, keep-with-next
    137          void MAC_CbackEvent(macCbackEvent_t *pData)
   \                     MAC_CbackEvent:
    138          #ifndef MT_MAC_CB_FUNC
    139          {
   \   000000   74F1         MOV     A,#-0xf
   \   000002   12....       LCALL   ?BANKED_ENTER_XDATA
   \   000005                ; Saved register size: 15
   \   000005                ; Auto size: 4
   \   000005   74FC         MOV     A,#-0x4
   \   000007   12....       LCALL   ?ALLOC_XSTACK8
   \   00000A   85..82       MOV     DPL,?XSP + 0
   \   00000D   85..83       MOV     DPH,?XSP + 1
   \   000010   EA           MOV     A,R2
   \   000011   F0           MOVX    @DPTR,A
   \   000012   A3           INC     DPTR
   \   000013   EB           MOV     A,R3
   \   000014   F0           MOVX    @DPTR,A
    140          #if !defined NONWK
    141            uint8 event = pData->hdr.event;
   \   000015   85..82       MOV     DPL,?XSP + 0
   \   000018   85..83       MOV     DPH,?XSP + 1
   \   00001B   E0           MOVX    A,@DPTR
   \   00001C   F8           MOV     R0,A
   \   00001D   A3           INC     DPTR
   \   00001E   E0           MOVX    A,@DPTR
   \   00001F   F583         MOV     DPH,A
   \   000021   8882         MOV     DPL,R0
   \   000023   E0           MOVX    A,@DPTR
   \   000024   F5..         MOV     ?V0 + 2,A
    142            uint16 tmp = zmacCBSizeTable[event];
   \   000026   85....       MOV     ?V0 + 0,?V0 + 2
   \   000029   75..00       MOV     ?V0 + 1,#0x0
   \   00002C   74..         MOV     A,#zmacCBSizeTable & 0xff
   \   00002E   25..         ADD     A,?V0 + 0
   \   000030   F582         MOV     DPL,A
   \   000032   74..         MOV     A,#(zmacCBSizeTable >> 8) & 0xff
   \   000034   35..         ADDC    A,?V0 + 1
   \   000036   F583         MOV     DPH,A
   \   000038   E4           CLR     A
   \   000039   93           MOVC    A,@A+DPTR
   \   00003A   F8           MOV     R0,A
   \   00003B   7900         MOV     R1,#0x0
   \   00003D   7402         MOV     A,#0x2
   \   00003F   12....       LCALL   ?XSTACK_DISP0_8
   \   000042   E8           MOV     A,R0
   \   000043   F0           MOVX    @DPTR,A
   \   000044   A3           INC     DPTR
   \   000045   E9           MOV     A,R1
   \   000046   F0           MOVX    @DPTR,A
    143            macCbackEvent_t *msgPtr;
    144          
    145            /* If the Network layer will handle a new MAC callback, a non-zero value must be entered in the
    146             * corresponding location in the zmacCBSizeTable[] - thus the table acts as "should handle"?
    147             */
    148            if (tmp == 0)
   \   000047   7402         MOV     A,#0x2
   \   000049   12....       LCALL   ?XSTACK_DISP0_8
   \   00004C   E0           MOVX    A,@DPTR
   \   00004D   F8           MOV     R0,A
   \   00004E   A3           INC     DPTR
   \   00004F   E0           MOVX    A,@DPTR
   \   000050   F9           MOV     R1,A
   \   000051   E8           MOV     A,R0
   \   000052   49           ORL     A,R1
   \   000053   7003         JNZ     $+5
   \   000055   02....       LJMP    ??MAC_CbackEvent_0 & 0xFFFF
    149            {
    150              return;
    151            }
    152          
    153            // MAC_MCPS_DATA_IND is very special - it is the only event where the MAC does not free *pData.
    154            if ( event == MAC_MCPS_DATA_IND )
   \   000058   740D         MOV     A,#0xd
   \   00005A   65..         XRL     A,?V0 + 2
   \   00005C   7062         JNZ     ??MAC_CbackEvent_1
    155            {
    156              MAC_MlmeGetReq( MAC_SHORT_ADDRESS, &tmp );
   \   00005E                ; Setup parameters for call to function MAC_MlmeGetReq
   \   00005E   7402         MOV     A,#0x2
   \   000060   12....       LCALL   ?XSTACK_DISP0_8
   \   000063   AA82         MOV     R2,DPL
   \   000065   AB83         MOV     R3,DPH
   \   000067   7953         MOV     R1,#0x53
   \   000069   12....       LCALL   ??MAC_MlmeGetReq?relay
   \   00006C   E9           MOV     A,R1
    157              if ((tmp == INVALID_NODE_ADDR) || (tmp == NWK_BROADCAST_SHORTADDR_DEVALL) ||
    158                  (pData->dataInd.msdu.len == 0))
   \   00006D   7402         MOV     A,#0x2
   \   00006F   12....       LCALL   ?XSTACK_DISP0_8
   \   000072   E0           MOVX    A,@DPTR
   \   000073   64FE         XRL     A,#0xfe
   \   000075   7004         JNZ     ??MAC_CbackEvent_2
   \   000077   A3           INC     DPTR
   \   000078   E0           MOVX    A,@DPTR
   \   000079   64FF         XRL     A,#0xff
   \                     ??MAC_CbackEvent_2:
   \   00007B   6025         JZ      ??MAC_CbackEvent_3
   \   00007D   7402         MOV     A,#0x2
   \   00007F   12....       LCALL   ?XSTACK_DISP0_8
   \   000082   E0           MOVX    A,@DPTR
   \   000083   64FF         XRL     A,#0xff
   \   000085   7004         JNZ     ??MAC_CbackEvent_4
   \   000087   A3           INC     DPTR
   \   000088   E0           MOVX    A,@DPTR
   \   000089   64FF         XRL     A,#0xff
   \                     ??MAC_CbackEvent_4:
   \   00008B   6015         JZ      ??MAC_CbackEvent_3
   \   00008D   85..82       MOV     DPL,?XSP + 0
   \   000090   85..83       MOV     DPH,?XSP + 1
   \   000093   E0           MOVX    A,@DPTR
   \   000094   F8           MOV     R0,A
   \   000095   A3           INC     DPTR
   \   000096   E0           MOVX    A,@DPTR
   \   000097   F583         MOV     DPH,A
   \   000099   8882         MOV     DPL,R0
   \   00009B   A3           INC     DPTR
   \   00009C   A3           INC     DPTR
   \   00009D   A3           INC     DPTR
   \   00009E   A3           INC     DPTR
   \   00009F   E0           MOVX    A,@DPTR
   \   0000A0   7010         JNZ     ??MAC_CbackEvent_5
    159              {
    160                mac_msg_deallocate( (uint8 **)&pData );
   \                     ??MAC_CbackEvent_3:
   \   0000A2                ; Setup parameters for call to function mac_msg_deallocate
   \   0000A2   85..82       MOV     DPL,?XSP + 0
   \   0000A5   85..83       MOV     DPH,?XSP + 1
   \   0000A8   AA82         MOV     R2,DPL
   \   0000AA   AB83         MOV     R3,DPH
   \   0000AC   12....       LCALL   ??mac_msg_deallocate?relay
    161                return;
   \   0000AF   02....       LJMP    ??MAC_CbackEvent_0 & 0xFFFF
    162              }
    163              msgPtr = pData;
   \                     ??MAC_CbackEvent_5:
   \   0000B2   85..82       MOV     DPL,?XSP + 0
   \   0000B5   85..83       MOV     DPH,?XSP + 1
   \   0000B8   E0           MOVX    A,@DPTR
   \   0000B9   FE           MOV     R6,A
   \   0000BA   A3           INC     DPTR
   \   0000BB   E0           MOVX    A,@DPTR
   \   0000BC   FF           MOV     R7,A
   \   0000BD   02....       LJMP    ??MAC_CbackEvent_6 & 0xFFFF
    164            }
    165            else
    166            {
    167              if (event == MAC_MLME_BEACON_NOTIFY_IND )
   \                     ??MAC_CbackEvent_1:
   \   0000C0   7405         MOV     A,#0x5
   \   0000C2   65..         XRL     A,?V0 + 2
   \   0000C4   702F         JNZ     ??MAC_CbackEvent_7
    168              {
    169                tmp += sizeof(macPanDesc_t) + pData->beaconNotifyInd.sduLength;
   \   0000C6   85..82       MOV     DPL,?XSP + 0
   \   0000C9   85..83       MOV     DPH,?XSP + 1
   \   0000CC   E0           MOVX    A,@DPTR
   \   0000CD   F8           MOV     R0,A
   \   0000CE   A3           INC     DPTR
   \   0000CF   E0           MOVX    A,@DPTR
   \   0000D0   F583         MOV     DPH,A
   \   0000D2   8882         MOV     DPL,R0
   \   0000D4   A3           INC     DPTR
   \   0000D5   A3           INC     DPTR
   \   0000D6   A3           INC     DPTR
   \   0000D7   A3           INC     DPTR
   \   0000D8   A3           INC     DPTR
   \   0000D9   A3           INC     DPTR
   \   0000DA   A3           INC     DPTR
   \   0000DB   A3           INC     DPTR
   \   0000DC   E0           MOVX    A,@DPTR
   \   0000DD   F8           MOV     R0,A
   \   0000DE   7900         MOV     R1,#0x0
   \   0000E0   2421         ADD     A,#0x21
   \   0000E2   F8           MOV     R0,A
   \   0000E3   E9           MOV     A,R1
   \   0000E4   3400         ADDC    A,#0x0
   \   0000E6   F9           MOV     R1,A
   \   0000E7   7402         MOV     A,#0x2
   \   0000E9   12....       LCALL   ?XSTACK_DISP0_8
   \   0000EC   E0           MOVX    A,@DPTR
   \   0000ED   28           ADD     A,R0
   \   0000EE   F0           MOVX    @DPTR,A
   \   0000EF   A3           INC     DPTR
   \   0000F0   E0           MOVX    A,@DPTR
   \   0000F1   39           ADDC    A,R1
   \   0000F2   F0           MOVX    @DPTR,A
   \   0000F3   8064         SJMP    ??MAC_CbackEvent_8
    170              }
    171              else if (event == MAC_MLME_SCAN_CNF)
   \                     ??MAC_CbackEvent_7:
   \   0000F5   7407         MOV     A,#0x7
   \   0000F7   65..         XRL     A,?V0 + 2
   \   0000F9   705E         JNZ     ??MAC_CbackEvent_8
    172              {
    173                if (pData->scanCnf.scanType == ZMAC_ED_SCAN)
   \   0000FB   85..82       MOV     DPL,?XSP + 0
   \   0000FE   85..83       MOV     DPH,?XSP + 1
   \   000101   E0           MOVX    A,@DPTR
   \   000102   F8           MOV     R0,A
   \   000103   A3           INC     DPTR
   \   000104   E0           MOVX    A,@DPTR
   \   000105   F583         MOV     DPH,A
   \   000107   8882         MOV     DPL,R0
   \   000109   A3           INC     DPTR
   \   00010A   A3           INC     DPTR
   \   00010B   E0           MOVX    A,@DPTR
   \   00010C   7010         JNZ     ??MAC_CbackEvent_9
    174                {
    175                  tmp += ZMAC_ED_SCAN_MAXCHANNELS;
   \   00010E   7402         MOV     A,#0x2
   \   000110   12....       LCALL   ?XSTACK_DISP0_8
   \   000113   E0           MOVX    A,@DPTR
   \   000114   241B         ADD     A,#0x1b
   \   000116   F0           MOVX    @DPTR,A
   \   000117   A3           INC     DPTR
   \   000118   E0           MOVX    A,@DPTR
   \   000119   3400         ADDC    A,#0x0
   \   00011B   F0           MOVX    @DPTR,A
   \   00011C   803B         SJMP    ??MAC_CbackEvent_8
    176                }
    177                else
    178                {
    179                  tmp += sizeof( ZMacPanDesc_t ) * pData->scanCnf.resultListSize;
   \                     ??MAC_CbackEvent_9:
   \   00011E   85..82       MOV     DPL,?XSP + 0
   \   000121   85..83       MOV     DPH,?XSP + 1
   \   000124   E0           MOVX    A,@DPTR
   \   000125   F8           MOV     R0,A
   \   000126   A3           INC     DPTR
   \   000127   E0           MOVX    A,@DPTR
   \   000128   F583         MOV     DPH,A
   \   00012A   8882         MOV     DPL,R0
   \   00012C   A3           INC     DPTR
   \   00012D   A3           INC     DPTR
   \   00012E   A3           INC     DPTR
   \   00012F   A3           INC     DPTR
   \   000130   A3           INC     DPTR
   \   000131   A3           INC     DPTR
   \   000132   A3           INC     DPTR
   \   000133   A3           INC     DPTR
   \   000134   E0           MOVX    A,@DPTR
   \   000135   F8           MOV     R0,A
   \   000136   7900         MOV     R1,#0x0
   \   000138   E8           MOV     A,R0
   \   000139   75F021       MOV     B,#0x21
   \   00013C   A4           MUL     AB
   \   00013D   C8           XCH     A,R0
   \   00013E   AAF0         MOV     R2,B
   \   000140   75F000       MOV     B,#0x0
   \   000143   A4           MUL     AB
   \   000144   2A           ADD     A,R2
   \   000145   FA           MOV     R2,A
   \   000146   75F021       MOV     B,#0x21
   \   000149   E9           MOV     A,R1
   \   00014A   A4           MUL     AB
   \   00014B   2A           ADD     A,R2
   \   00014C   F9           MOV     R1,A
   \   00014D   7402         MOV     A,#0x2
   \   00014F   12....       LCALL   ?XSTACK_DISP0_8
   \   000152   E0           MOVX    A,@DPTR
   \   000153   28           ADD     A,R0
   \   000154   F0           MOVX    @DPTR,A
   \   000155   A3           INC     DPTR
   \   000156   E0           MOVX    A,@DPTR
   \   000157   39           ADDC    A,R1
   \   000158   F0           MOVX    @DPTR,A
    180                }
    181              }
    182          
    183              if ( !(msgPtr = (macCbackEvent_t *)osal_msg_allocate(tmp)) )
   \                     ??MAC_CbackEvent_8:
   \   000159                ; Setup parameters for call to function osal_msg_allocate
   \   000159   7402         MOV     A,#0x2
   \   00015B   12....       LCALL   ?XSTACK_DISP0_8
   \   00015E   E0           MOVX    A,@DPTR
   \   00015F   FA           MOV     R2,A
   \   000160   A3           INC     DPTR
   \   000161   E0           MOVX    A,@DPTR
   \   000162   FB           MOV     R3,A
   \   000163   12....       LCALL   ??osal_msg_allocate?relay
   \   000166   8A..         MOV     ?V0 + 0,R2
   \   000168   8B..         MOV     ?V0 + 1,R3
   \   00016A   A8..         MOV     R0,?V0 + 0
   \   00016C   A9..         MOV     R1,?V0 + 1
   \   00016E   E8           MOV     A,R0
   \   00016F   FE           MOV     R6,A
   \   000170   E9           MOV     A,R1
   \   000171   FF           MOV     R7,A
   \   000172   E8           MOV     A,R0
   \   000173   49           ORL     A,R1
   \   000174   706C         JNZ     ??MAC_CbackEvent_10
    184              {
    185                // Not enough memory. If data confirm - try again
    186                if ((event == MAC_MCPS_DATA_CNF) && (pData->dataCnf.pDataReq != NULL))
   \   000176   740C         MOV     A,#0xc
   \   000178   65..         XRL     A,?V0 + 2
   \   00017A   6003         JZ      $+5
   \   00017C   02....       LJMP    ??MAC_CbackEvent_0 & 0xFFFF
   \   00017F   85..82       MOV     DPL,?XSP + 0
   \   000182   85..83       MOV     DPH,?XSP + 1
   \   000185   E0           MOVX    A,@DPTR
   \   000186   F8           MOV     R0,A
   \   000187   A3           INC     DPTR
   \   000188   E0           MOVX    A,@DPTR
   \   000189   F583         MOV     DPH,A
   \   00018B   8882         MOV     DPL,R0
   \   00018D   A3           INC     DPTR
   \   00018E   A3           INC     DPTR
   \   00018F   A3           INC     DPTR
   \   000190   E0           MOVX    A,@DPTR
   \   000191   F8           MOV     R0,A
   \   000192   A3           INC     DPTR
   \   000193   E0           MOVX    A,@DPTR
   \   000194   F9           MOV     R1,A
   \   000195   E8           MOV     A,R0
   \   000196   49           ORL     A,R1
   \   000197   7003         JNZ     $+5
   \   000199   02....       LJMP    ??MAC_CbackEvent_0 & 0xFFFF
    187                {
    188                  halIntState_t intState;
    189          
    190                  // This is not normally deallocated here because the pZMac_AppCallback()
    191                  // application may need it.
    192                  HAL_ENTER_CRITICAL_SECTION( intState );  // Hold off interrupts.
   \   00019C   A2AF         MOV     C,0xa8.7
   \   00019E   E4           CLR     A
   \   00019F   33           RLC     A
   \   0001A0   F5..         MOV     ?V0 + 0,A
   \   0001A2   C2AF         CLR     0xa8.7
    193          
    194                  mac_msg_deallocate( (uint8**)&(pData->dataCnf.pDataReq) );
   \   0001A4                ; Setup parameters for call to function mac_msg_deallocate
   \   0001A4   85..82       MOV     DPL,?XSP + 0
   \   0001A7   85..83       MOV     DPH,?XSP + 1
   \   0001AA   E0           MOVX    A,@DPTR
   \   0001AB   2403         ADD     A,#0x3
   \   0001AD   FA           MOV     R2,A
   \   0001AE   A3           INC     DPTR
   \   0001AF   E0           MOVX    A,@DPTR
   \   0001B0   3400         ADDC    A,#0x0
   \   0001B2   FB           MOV     R3,A
   \   0001B3   12....       LCALL   ??mac_msg_deallocate?relay
    195                  if ( !(msgPtr = (macCbackEvent_t *)osal_msg_allocate(tmp)) )
   \   0001B6                ; Setup parameters for call to function osal_msg_allocate
   \   0001B6   7402         MOV     A,#0x2
   \   0001B8   12....       LCALL   ?XSTACK_DISP0_8
   \   0001BB   E0           MOVX    A,@DPTR
   \   0001BC   FA           MOV     R2,A
   \   0001BD   A3           INC     DPTR
   \   0001BE   E0           MOVX    A,@DPTR
   \   0001BF   FB           MOV     R3,A
   \   0001C0   12....       LCALL   ??osal_msg_allocate?relay
   \   0001C3   8A..         MOV     ?V0 + 4,R2
   \   0001C5   8B..         MOV     ?V0 + 5,R3
   \   0001C7   A8..         MOV     R0,?V0 + 4
   \   0001C9   A9..         MOV     R1,?V0 + 5
   \   0001CB   E8           MOV     A,R0
   \   0001CC   FE           MOV     R6,A
   \   0001CD   E9           MOV     A,R1
   \   0001CE   FF           MOV     R7,A
   \   0001CF   E8           MOV     A,R0
   \   0001D0   49           ORL     A,R1
   \   0001D1   7009         JNZ     ??MAC_CbackEvent_11
    196                  {
    197                    // Still no allocation, something is wrong
    198                    HAL_EXIT_CRITICAL_SECTION( intState );   // Re-enable interrupts.
   \   0001D3   E5..         MOV     A,?V0 + 0
   \   0001D5   A2E0         MOV     C,0xE0 /* A   */.0
   \   0001D7   92AF         MOV     0xa8.7,C
    199                    return;
   \   0001D9   02....       LJMP    ??MAC_CbackEvent_0 & 0xFFFF
    200                  }
    201                  HAL_EXIT_CRITICAL_SECTION( intState );   // Re-enable interrupts.
   \                     ??MAC_CbackEvent_11:
   \   0001DC   E5..         MOV     A,?V0 + 0
   \   0001DE   A2E0         MOV     C,0xE0 /* A   */.0
   \   0001E0   92AF         MOV     0xa8.7,C
    202                }
    203                else
    204                {
    205                  // This message is dropped
    206                  return;
    207                }
    208              }
    209              osal_memcpy(msgPtr, pData, zmacCBSizeTable[event]);
   \                     ??MAC_CbackEvent_10:
   \   0001E2                ; Setup parameters for call to function osal_memcpy
   \   0001E2   85..82       MOV     DPL,?XSP + 0
   \   0001E5   85..83       MOV     DPH,?XSP + 1
   \   0001E8   E0           MOVX    A,@DPTR
   \   0001E9   F5..         MOV     ?V0 + 0,A
   \   0001EB   A3           INC     DPTR
   \   0001EC   E0           MOVX    A,@DPTR
   \   0001ED   F5..         MOV     ?V0 + 1,A
   \   0001EF   85....       MOV     ?V0 + 4,?V0 + 0
   \   0001F2   85....       MOV     ?V0 + 5,?V0 + 1
   \   0001F5   75..00       MOV     ?V0 + 6,#0x0
   \   0001F8   78..         MOV     R0,#?V0 + 4
   \   0001FA   12....       LCALL   ?PUSH_XSTACK_I_THREE
   \   0001FD   85....       MOV     ?V0 + 0,?V0 + 2
   \   000200   75..00       MOV     ?V0 + 1,#0x0
   \   000203   74..         MOV     A,#zmacCBSizeTable & 0xff
   \   000205   25..         ADD     A,?V0 + 0
   \   000207   F582         MOV     DPL,A
   \   000209   74..         MOV     A,#(zmacCBSizeTable >> 8) & 0xff
   \   00020B   35..         ADDC    A,?V0 + 1
   \   00020D   F583         MOV     DPH,A
   \   00020F   E4           CLR     A
   \   000210   93           MOVC    A,@A+DPTR
   \   000211   FC           MOV     R4,A
   \   000212   7D00         MOV     R5,#0x0
   \   000214   EE           MOV     A,R6
   \   000215   FA           MOV     R2,A
   \   000216   EF           MOV     A,R7
   \   000217   FB           MOV     R3,A
   \   000218   12....       LCALL   ??osal_memcpy?relay
   \   00021B   7403         MOV     A,#0x3
   \   00021D   12....       LCALL   ?DEALLOC_XSTACK8
    210            }
    211          
    212            if ( event == MAC_MLME_BEACON_NOTIFY_IND )
   \                     ??MAC_CbackEvent_6:
   \   000220   7405         MOV     A,#0x5
   \   000222   65..         XRL     A,?V0 + 2
   \   000224   6003         JZ      $+5
   \   000226   02....       LJMP    ??MAC_CbackEvent_12 & 0xFFFF
    213            {
    214              macMlmeBeaconNotifyInd_t *pBeacon = (macMlmeBeaconNotifyInd_t*)msgPtr;
   \   000229   8E..         MOV     ?V0 + 0,R6
   \   00022B   8F..         MOV     ?V0 + 1,R7
    215          
    216              osal_memcpy(pBeacon+1, pBeacon->pPanDesc, sizeof(macPanDesc_t));
   \   00022D                ; Setup parameters for call to function osal_memcpy
   \   00022D   85..82       MOV     DPL,?V0 + 0
   \   000230   85..83       MOV     DPH,?V0 + 1
   \   000233   A3           INC     DPTR
   \   000234   A3           INC     DPTR
   \   000235   A3           INC     DPTR
   \   000236   E0           MOVX    A,@DPTR
   \   000237   F5..         MOV     ?V0 + 4,A
   \   000239   A3           INC     DPTR
   \   00023A   E0           MOVX    A,@DPTR
   \   00023B   F5..         MOV     ?V0 + 5,A
   \   00023D   75..00       MOV     ?V0 + 6,#0x0
   \   000240   78..         MOV     R0,#?V0 + 4
   \   000242   12....       LCALL   ?PUSH_XSTACK_I_THREE
   \   000245   7C21         MOV     R4,#0x21
   \   000247   7D00         MOV     R5,#0x0
   \   000249   E5..         MOV     A,?V0 + 0
   \   00024B   240B         ADD     A,#0xb
   \   00024D   FA           MOV     R2,A
   \   00024E   E5..         MOV     A,?V0 + 1
   \   000250   3400         ADDC    A,#0x0
   \   000252   FB           MOV     R3,A
   \   000253   12....       LCALL   ??osal_memcpy?relay
   \   000256   7403         MOV     A,#0x3
   \   000258   12....       LCALL   ?DEALLOC_XSTACK8
    217              pBeacon->pPanDesc = (macPanDesc_t *)(pBeacon+1);
   \   00025B   E5..         MOV     A,?V0 + 0
   \   00025D   240B         ADD     A,#0xb
   \   00025F   F8           MOV     R0,A
   \   000260   E5..         MOV     A,?V0 + 1
   \   000262   3400         ADDC    A,#0x0
   \   000264   F9           MOV     R1,A
   \   000265   85..82       MOV     DPL,?V0 + 0
   \   000268   85..83       MOV     DPH,?V0 + 1
   \   00026B   A3           INC     DPTR
   \   00026C   A3           INC     DPTR
   \   00026D   A3           INC     DPTR
   \   00026E   E8           MOV     A,R0
   \   00026F   F0           MOVX    @DPTR,A
   \   000270   A3           INC     DPTR
   \   000271   E9           MOV     A,R1
   \   000272   F0           MOVX    @DPTR,A
    218              osal_memcpy(pBeacon->pPanDesc+1, pBeacon->pSdu, pBeacon->sduLength);
   \   000273                ; Setup parameters for call to function osal_memcpy
   \   000273   85..82       MOV     DPL,?V0 + 0
   \   000276   85..83       MOV     DPH,?V0 + 1
   \   000279   A3           INC     DPTR
   \   00027A   A3           INC     DPTR
   \   00027B   A3           INC     DPTR
   \   00027C   A3           INC     DPTR
   \   00027D   A3           INC     DPTR
   \   00027E   A3           INC     DPTR
   \   00027F   A3           INC     DPTR
   \   000280   A3           INC     DPTR
   \   000281   A3           INC     DPTR
   \   000282   E0           MOVX    A,@DPTR
   \   000283   F5..         MOV     ?V0 + 4,A
   \   000285   A3           INC     DPTR
   \   000286   E0           MOVX    A,@DPTR
   \   000287   F5..         MOV     ?V0 + 5,A
   \   000289   75..00       MOV     ?V0 + 6,#0x0
   \   00028C   78..         MOV     R0,#?V0 + 4
   \   00028E   12....       LCALL   ?PUSH_XSTACK_I_THREE
   \   000291   85..82       MOV     DPL,?V0 + 0
   \   000294   85..83       MOV     DPH,?V0 + 1
   \   000297   A3           INC     DPTR
   \   000298   A3           INC     DPTR
   \   000299   A3           INC     DPTR
   \   00029A   A3           INC     DPTR
   \   00029B   A3           INC     DPTR
   \   00029C   A3           INC     DPTR
   \   00029D   A3           INC     DPTR
   \   00029E   A3           INC     DPTR
   \   00029F   E0           MOVX    A,@DPTR
   \   0002A0   FC           MOV     R4,A
   \   0002A1   7D00         MOV     R5,#0x0
   \   0002A3   85..82       MOV     DPL,?V0 + 0
   \   0002A6   85..83       MOV     DPH,?V0 + 1
   \   0002A9   A3           INC     DPTR
   \   0002AA   A3           INC     DPTR
   \   0002AB   A3           INC     DPTR
   \   0002AC   E0           MOVX    A,@DPTR
   \   0002AD   2421         ADD     A,#0x21
   \   0002AF   FA           MOV     R2,A
   \   0002B0   A3           INC     DPTR
   \   0002B1   E0           MOVX    A,@DPTR
   \   0002B2   3400         ADDC    A,#0x0
   \   0002B4   FB           MOV     R3,A
   \   0002B5   12....       LCALL   ??osal_memcpy?relay
   \   0002B8   7403         MOV     A,#0x3
   \   0002BA   12....       LCALL   ?DEALLOC_XSTACK8
    219              pBeacon->pSdu = (uint8 *)(pBeacon->pPanDesc+1);
   \   0002BD   85..82       MOV     DPL,?V0 + 0
   \   0002C0   85..83       MOV     DPH,?V0 + 1
   \   0002C3   A3           INC     DPTR
   \   0002C4   A3           INC     DPTR
   \   0002C5   A3           INC     DPTR
   \   0002C6   E0           MOVX    A,@DPTR
   \   0002C7   2421         ADD     A,#0x21
   \   0002C9   F8           MOV     R0,A
   \   0002CA   A3           INC     DPTR
   \   0002CB   E0           MOVX    A,@DPTR
   \   0002CC   3400         ADDC    A,#0x0
   \   0002CE   F9           MOV     R1,A
   \   0002CF   85..82       MOV     DPL,?V0 + 0
   \   0002D2   85..83       MOV     DPH,?V0 + 1
   \   0002D5   A3           INC     DPTR
   \   0002D6   A3           INC     DPTR
   \   0002D7   A3           INC     DPTR
   \   0002D8   A3           INC     DPTR
   \   0002D9   A3           INC     DPTR
   \   0002DA   A3           INC     DPTR
   \   0002DB   A3           INC     DPTR
   \   0002DC   A3           INC     DPTR
   \   0002DD   A3           INC     DPTR
   \   0002DE   E8           MOV     A,R0
   \   0002DF   F0           MOVX    @DPTR,A
   \   0002E0   A3           INC     DPTR
   \   0002E1   E9           MOV     A,R1
   \   0002E2   F0           MOVX    @DPTR,A
   \   0002E3   02....       LJMP    ??MAC_CbackEvent_13 & 0xFFFF
    220            }
    221            else if (event == MAC_MLME_SCAN_CNF)
   \                     ??MAC_CbackEvent_12:
   \   0002E6   7407         MOV     A,#0x7
   \   0002E8   65..         XRL     A,?V0 + 2
   \   0002EA   6003         JZ      $+5
   \   0002EC   02....       LJMP    ??MAC_CbackEvent_13 & 0xFFFF
    222            {
    223              macMlmeScanCnf_t *pScan = (macMlmeScanCnf_t*)msgPtr;
   \   0002EF   EE           MOV     A,R6
   \   0002F0   FA           MOV     R2,A
   \   0002F1   EF           MOV     A,R7
   \   0002F2   FB           MOV     R3,A
    224          
    225              if (ZMac_ScanBuf != NULL)
   \   0002F3   90....       MOV     DPTR,#ZMac_ScanBuf
   \   0002F6   E0           MOVX    A,@DPTR
   \   0002F7   F8           MOV     R0,A
   \   0002F8   A3           INC     DPTR
   \   0002F9   E0           MOVX    A,@DPTR
   \   0002FA   F9           MOV     R1,A
   \   0002FB   E8           MOV     A,R0
   \   0002FC   49           ORL     A,R1
   \   0002FD   7003         JNZ     $+5
   \   0002FF   02....       LJMP    ??MAC_CbackEvent_13 & 0xFFFF
    226              {
    227                void *pTmp = ZMac_ScanBuf;
   \   000302   90....       MOV     DPTR,#ZMac_ScanBuf
   \   000305   E0           MOVX    A,@DPTR
   \   000306   F5..         MOV     ?V0 + 0,A
   \   000308   A3           INC     DPTR
   \   000309   E0           MOVX    A,@DPTR
   \   00030A   F5..         MOV     ?V0 + 1,A
    228                ZMac_ScanBuf = NULL;
   \   00030C   90....       MOV     DPTR,#ZMac_ScanBuf
   \   00030F   7400         MOV     A,#0x0
   \   000311   F0           MOVX    @DPTR,A
   \   000312   A3           INC     DPTR
   \   000313   7400         MOV     A,#0x0
   \   000315   F0           MOVX    @DPTR,A
    229          
    230                if (pScan->scanType == ZMAC_ED_SCAN)
   \   000316   8A82         MOV     DPL,R2
   \   000318   8B83         MOV     DPH,R3
   \   00031A   A3           INC     DPTR
   \   00031B   A3           INC     DPTR
   \   00031C   E0           MOVX    A,@DPTR
   \   00031D   7048         JNZ     ??MAC_CbackEvent_14
    231                {
    232                  pScan->result.pEnergyDetect = (uint8*) (pScan + 1);
   \   00031F   EA           MOV     A,R2
   \   000320   240B         ADD     A,#0xb
   \   000322   F8           MOV     R0,A
   \   000323   EB           MOV     A,R3
   \   000324   3400         ADDC    A,#0x0
   \   000326   F9           MOV     R1,A
   \   000327   8A82         MOV     DPL,R2
   \   000329   8B83         MOV     DPH,R3
   \   00032B   A3           INC     DPTR
   \   00032C   A3           INC     DPTR
   \   00032D   A3           INC     DPTR
   \   00032E   A3           INC     DPTR
   \   00032F   A3           INC     DPTR
   \   000330   A3           INC     DPTR
   \   000331   A3           INC     DPTR
   \   000332   A3           INC     DPTR
   \   000333   A3           INC     DPTR
   \   000334   E8           MOV     A,R0
   \   000335   F0           MOVX    @DPTR,A
   \   000336   A3           INC     DPTR
   \   000337   E9           MOV     A,R1
   \   000338   F0           MOVX    @DPTR,A
    233                  osal_memcpy(pScan->result.pEnergyDetect, pTmp, ZMAC_ED_SCAN_MAXCHANNELS);
   \   000339                ; Setup parameters for call to function osal_memcpy
   \   000339   85....       MOV     ?V0 + 4,?V0 + 0
   \   00033C   85....       MOV     ?V0 + 5,?V0 + 1
   \   00033F   75..00       MOV     ?V0 + 6,#0x0
   \   000342   78..         MOV     R0,#?V0 + 4
   \   000344   12....       LCALL   ?PUSH_XSTACK_I_THREE
   \   000347   7C1B         MOV     R4,#0x1b
   \   000349   7D00         MOV     R5,#0x0
   \   00034B   8A82         MOV     DPL,R2
   \   00034D   8B83         MOV     DPH,R3
   \   00034F   A3           INC     DPTR
   \   000350   A3           INC     DPTR
   \   000351   A3           INC     DPTR
   \   000352   A3           INC     DPTR
   \   000353   A3           INC     DPTR
   \   000354   A3           INC     DPTR
   \   000355   A3           INC     DPTR
   \   000356   A3           INC     DPTR
   \   000357   A3           INC     DPTR
   \   000358   E0           MOVX    A,@DPTR
   \   000359   FA           MOV     R2,A
   \   00035A   A3           INC     DPTR
   \   00035B   E0           MOVX    A,@DPTR
   \   00035C   FB           MOV     R3,A
   \   00035D   12....       LCALL   ??osal_memcpy?relay
   \   000360   7403         MOV     A,#0x3
   \   000362   12....       LCALL   ?DEALLOC_XSTACK8
   \   000365   805D         SJMP    ??MAC_CbackEvent_15
    234                }
    235                else
    236                {
    237                  pScan->result.pPanDescriptor = (macPanDesc_t*) (pScan + 1);
   \                     ??MAC_CbackEvent_14:
   \   000367   EA           MOV     A,R2
   \   000368   240B         ADD     A,#0xb
   \   00036A   F8           MOV     R0,A
   \   00036B   EB           MOV     A,R3
   \   00036C   3400         ADDC    A,#0x0
   \   00036E   F9           MOV     R1,A
   \   00036F   8A82         MOV     DPL,R2
   \   000371   8B83         MOV     DPH,R3
   \   000373   A3           INC     DPTR
   \   000374   A3           INC     DPTR
   \   000375   A3           INC     DPTR
   \   000376   A3           INC     DPTR
   \   000377   A3           INC     DPTR
   \   000378   A3           INC     DPTR
   \   000379   A3           INC     DPTR
   \   00037A   A3           INC     DPTR
   \   00037B   A3           INC     DPTR
   \   00037C   E8           MOV     A,R0
   \   00037D   F0           MOVX    @DPTR,A
   \   00037E   A3           INC     DPTR
   \   00037F   E9           MOV     A,R1
   \   000380   F0           MOVX    @DPTR,A
    238                  osal_memcpy(pScan + 1, pTmp, sizeof( ZMacPanDesc_t ) * pScan->resultListSize);
   \   000381                ; Setup parameters for call to function osal_memcpy
   \   000381   85....       MOV     ?V0 + 4,?V0 + 0
   \   000384   85....       MOV     ?V0 + 5,?V0 + 1
   \   000387   75..00       MOV     ?V0 + 6,#0x0
   \   00038A   78..         MOV     R0,#?V0 + 4
   \   00038C   12....       LCALL   ?PUSH_XSTACK_I_THREE
   \   00038F   8A82         MOV     DPL,R2
   \   000391   8B83         MOV     DPH,R3
   \   000393   A3           INC     DPTR
   \   000394   A3           INC     DPTR
   \   000395   A3           INC     DPTR
   \   000396   A3           INC     DPTR
   \   000397   A3           INC     DPTR
   \   000398   A3           INC     DPTR
   \   000399   A3           INC     DPTR
   \   00039A   A3           INC     DPTR
   \   00039B   E0           MOVX    A,@DPTR
   \   00039C   FC           MOV     R4,A
   \   00039D   7D00         MOV     R5,#0x0
   \   00039F   EC           MOV     A,R4
   \   0003A0   75F021       MOV     B,#0x21
   \   0003A3   A4           MUL     AB
   \   0003A4   CC           XCH     A,R4
   \   0003A5   A8F0         MOV     R0,B
   \   0003A7   75F000       MOV     B,#0x0
   \   0003AA   A4           MUL     AB
   \   0003AB   28           ADD     A,R0
   \   0003AC   F8           MOV     R0,A
   \   0003AD   75F021       MOV     B,#0x21
   \   0003B0   ED           MOV     A,R5
   \   0003B1   A4           MUL     AB
   \   0003B2   28           ADD     A,R0
   \   0003B3   FD           MOV     R5,A
   \   0003B4   EA           MOV     A,R2
   \   0003B5   240B         ADD     A,#0xb
   \   0003B7   FA           MOV     R2,A
   \   0003B8   EB           MOV     A,R3
   \   0003B9   3400         ADDC    A,#0x0
   \   0003BB   FB           MOV     R3,A
   \   0003BC   12....       LCALL   ??osal_memcpy?relay
   \   0003BF   7403         MOV     A,#0x3
   \   0003C1   12....       LCALL   ?DEALLOC_XSTACK8
    239                }
    240          
    241                osal_mem_free(pTmp);
   \                     ??MAC_CbackEvent_15:
   \   0003C4                ; Setup parameters for call to function osal_mem_free
   \   0003C4   AA..         MOV     R2,?V0 + 0
   \   0003C6   AB..         MOV     R3,?V0 + 1
   \   0003C8   12....       LCALL   ??osal_mem_free?relay
    242              }
    243            }
    244          
    245            if ( ( pZMac_AppCallback == NULL ) || ( pZMac_AppCallback( (uint8 *)msgPtr ) == FALSE ) )
   \                     ??MAC_CbackEvent_13:
   \   0003CB   90....       MOV     DPTR,#pZMac_AppCallback
   \   0003CE   E0           MOVX    A,@DPTR
   \   0003CF   F8           MOV     R0,A
   \   0003D0   A3           INC     DPTR
   \   0003D1   E0           MOVX    A,@DPTR
   \   0003D2   F9           MOV     R1,A
   \   0003D3   E8           MOV     A,R0
   \   0003D4   49           ORL     A,R1
   \   0003D5   6018         JZ      ??MAC_CbackEvent_16
   \   0003D7                ; Setup parameters for indirect call
   \   0003D7   EE           MOV     A,R6
   \   0003D8   FA           MOV     R2,A
   \   0003D9   EF           MOV     A,R7
   \   0003DA   FB           MOV     R3,A
   \   0003DB   90....       MOV     DPTR,#pZMac_AppCallback
   \   0003DE   E0           MOVX    A,@DPTR
   \   0003DF   F8           MOV     R0,A
   \   0003E0   A3           INC     DPTR
   \   0003E1   E0           MOVX    A,@DPTR
   \   0003E2   F583         MOV     DPH,A
   \   0003E4   8882         MOV     DPL,R0
   \   0003E6   12....       LCALL   ?CALL_IND
   \   0003E9   E9           MOV     A,R1
   \   0003EA   6003         JZ      $+5
   \   0003EC   02....       LJMP    ??MAC_CbackEvent_17 & 0xFFFF
    246            {
    247              // Filter out non-zigbee packets
    248              if ( event == MAC_MCPS_DATA_IND )
   \                     ??MAC_CbackEvent_16:
   \   0003EF   740D         MOV     A,#0xd
   \   0003F1   65..         XRL     A,?V0 + 2
   \   0003F3   6003         JZ      $+5
   \   0003F5   02....       LJMP    ??MAC_CbackEvent_18 & 0xFFFF
    249              {
    250                uint8 fcFrameType = (pData->dataInd.msdu.p[0] & 0x03);
   \   0003F8   85..82       MOV     DPL,?XSP + 0
   \   0003FB   85..83       MOV     DPH,?XSP + 1
   \   0003FE   E0           MOVX    A,@DPTR
   \   0003FF   F8           MOV     R0,A
   \   000400   A3           INC     DPTR
   \   000401   E0           MOVX    A,@DPTR
   \   000402   F583         MOV     DPH,A
   \   000404   8882         MOV     DPL,R0
   \   000406   A3           INC     DPTR
   \   000407   A3           INC     DPTR
   \   000408   E0           MOVX    A,@DPTR
   \   000409   F8           MOV     R0,A
   \   00040A   A3           INC     DPTR
   \   00040B   E0           MOVX    A,@DPTR
   \   00040C   F583         MOV     DPH,A
   \   00040E   8882         MOV     DPL,R0
   \   000410   E0           MOVX    A,@DPTR
   \   000411   5403         ANL     A,#0x3
   \   000413   F8           MOV     R0,A
    251                uint8 fcProtoVer = ((pData->dataInd.msdu.p[0] >> 2) & 0x0F);
   \   000414   85..82       MOV     DPL,?XSP + 0
   \   000417   85..83       MOV     DPH,?XSP + 1
   \   00041A   E0           MOVX    A,@DPTR
   \   00041B   F9           MOV     R1,A
   \   00041C   A3           INC     DPTR
   \   00041D   E0           MOVX    A,@DPTR
   \   00041E   F583         MOV     DPH,A
   \   000420   8982         MOV     DPL,R1
   \   000422   A3           INC     DPTR
   \   000423   A3           INC     DPTR
   \   000424   E0           MOVX    A,@DPTR
   \   000425   F9           MOV     R1,A
   \   000426   A3           INC     DPTR
   \   000427   E0           MOVX    A,@DPTR
   \   000428   F583         MOV     DPH,A
   \   00042A   8982         MOV     DPL,R1
   \   00042C   E0           MOVX    A,@DPTR
   \   00042D   13           RRC     A
   \   00042E   13           RRC     A
   \   00042F   543F         ANL     A,#0x3f
   \   000431   540F         ANL     A,#0xf
   \   000433   F9           MOV     R1,A
    252                uint8 fcReserve = (pData->dataInd.msdu.p[1] & 0xE0);
   \   000434   85..82       MOV     DPL,?XSP + 0
   \   000437   85..83       MOV     DPH,?XSP + 1
   \   00043A   E0           MOVX    A,@DPTR
   \   00043B   FA           MOV     R2,A
   \   00043C   A3           INC     DPTR
   \   00043D   E0           MOVX    A,@DPTR
   \   00043E   F583         MOV     DPH,A
   \   000440   8A82         MOV     DPL,R2
   \   000442   A3           INC     DPTR
   \   000443   A3           INC     DPTR
   \   000444   E0           MOVX    A,@DPTR
   \   000445   FA           MOV     R2,A
   \   000446   A3           INC     DPTR
   \   000447   E0           MOVX    A,@DPTR
   \   000448   F583         MOV     DPH,A
   \   00044A   8A82         MOV     DPL,R2
   \   00044C   A3           INC     DPTR
   \   00044D   E0           MOVX    A,@DPTR
   \   00044E   54E0         ANL     A,#0xe0
   \   000450   FA           MOV     R2,A
    253                if ( (fcFrameType > 0x01) || (fcProtoVer != _NIB.nwkProtocolVersion) || (fcReserve != 0)
    254                    || (pData->dataInd.mac.srcAddr.addrMode != SADDR_MODE_SHORT) )
   \   000451   E8           MOV     A,R0
   \   000452   C3           CLR     C
   \   000453   9402         SUBB    A,#0x2
   \   000455   5022         JNC     ??MAC_CbackEvent_19
   \   000457   90....       MOV     DPTR,#_NIB + 17
   \   00045A   E0           MOVX    A,@DPTR
   \   00045B   69           XRL     A,R1
   \   00045C   701B         JNZ     ??MAC_CbackEvent_19
   \   00045E   EA           MOV     A,R2
   \   00045F   7018         JNZ     ??MAC_CbackEvent_19
   \   000461   85..82       MOV     DPL,?XSP + 0
   \   000464   85..83       MOV     DPH,?XSP + 1
   \   000467   E0           MOVX    A,@DPTR
   \   000468   241A         ADD     A,#0x1a
   \   00046A   F8           MOV     R0,A
   \   00046B   A3           INC     DPTR
   \   00046C   E0           MOVX    A,@DPTR
   \   00046D   3400         ADDC    A,#0x0
   \   00046F   F9           MOV     R1,A
   \   000470   8882         MOV     DPL,R0
   \   000472   8983         MOV     DPH,R1
   \   000474   E0           MOVX    A,@DPTR
   \   000475   6402         XRL     A,#0x2
   \   000477   6010         JZ      ??MAC_CbackEvent_20
    255                {
    256                  // Drop the message
    257                  mac_msg_deallocate( (uint8 **)&pData );
   \                     ??MAC_CbackEvent_19:
   \   000479                ; Setup parameters for call to function mac_msg_deallocate
   \   000479   85..82       MOV     DPL,?XSP + 0
   \   00047C   85..83       MOV     DPH,?XSP + 1
   \   00047F   AA82         MOV     R2,DPL
   \   000481   AB83         MOV     R3,DPH
   \   000483   12....       LCALL   ??mac_msg_deallocate?relay
    258                  return;
   \   000486   02....       LJMP    ??MAC_CbackEvent_0 & 0xFFFF
    259                }
    260                else
    261                {
    262                  macDataInd_t *pInd = &msgPtr->dataInd.mac;
   \                     ??MAC_CbackEvent_20:
   \   000489   EE           MOV     A,R6
   \   00048A   2412         ADD     A,#0x12
   \   00048C   F8           MOV     R0,A
   \   00048D   EF           MOV     A,R7
   \   00048E   3400         ADDC    A,#0x0
   \   000490   F9           MOV     R1,A
    263                  // See if LQI needs adjustment due to frame correlation
    264                  ZMacLqiAdjust( pInd->correlation, &pInd->mpduLinkQuality );
   \   000491                ; Setup parameters for call to function ZMacLqiAdjust
   \   000491   E8           MOV     A,R0
   \   000492   241C         ADD     A,#0x1c
   \   000494   FA           MOV     R2,A
   \   000495   E9           MOV     A,R1
   \   000496   3400         ADDC    A,#0x0
   \   000498   FB           MOV     R3,A
   \   000499   E8           MOV     A,R0
   \   00049A   241D         ADD     A,#0x1d
   \   00049C   F582         MOV     DPL,A
   \   00049E   E9           MOV     A,R1
   \   00049F   3400         ADDC    A,#0x0
   \   0004A1   F583         MOV     DPH,A
   \   0004A3   E0           MOVX    A,@DPTR
   \   0004A4   F9           MOV     R1,A
   \   0004A5   12....       LCALL   ??ZMacLqiAdjust?relay
    265          
    266                  // Look for broadcast message that has a radius of greater 1
    267                  if ( (pData->dataInd.mac.dstAddr.addr.shortAddr == 0xFFFF)
    268                         && (pData->dataInd.msdu.p[6] > 1) )
   \   0004A8   85..82       MOV     DPL,?XSP + 0
   \   0004AB   85..83       MOV     DPH,?XSP + 1
   \   0004AE   E0           MOVX    A,@DPTR
   \   0004AF   241B         ADD     A,#0x1b
   \   0004B1   F8           MOV     R0,A
   \   0004B2   A3           INC     DPTR
   \   0004B3   E0           MOVX    A,@DPTR
   \   0004B4   3400         ADDC    A,#0x0
   \   0004B6   F9           MOV     R1,A
   \   0004B7   8882         MOV     DPL,R0
   \   0004B9   8983         MOV     DPH,R1
   \   0004BB   E0           MOVX    A,@DPTR
   \   0004BC   64FF         XRL     A,#0xff
   \   0004BE   7004         JNZ     ??MAC_CbackEvent_21
   \   0004C0   A3           INC     DPTR
   \   0004C1   E0           MOVX    A,@DPTR
   \   0004C2   64FF         XRL     A,#0xff
   \                     ??MAC_CbackEvent_21:
   \   0004C4   6003         JZ      $+5
   \   0004C6   02....       LJMP    ??MAC_CbackEvent_22 & 0xFFFF
   \   0004C9   85..82       MOV     DPL,?XSP + 0
   \   0004CC   85..83       MOV     DPH,?XSP + 1
   \   0004CF   E0           MOVX    A,@DPTR
   \   0004D0   F8           MOV     R0,A
   \   0004D1   A3           INC     DPTR
   \   0004D2   E0           MOVX    A,@DPTR
   \   0004D3   F583         MOV     DPH,A
   \   0004D5   8882         MOV     DPL,R0
   \   0004D7   A3           INC     DPTR
   \   0004D8   A3           INC     DPTR
   \   0004D9   E0           MOVX    A,@DPTR
   \   0004DA   F8           MOV     R0,A
   \   0004DB   A3           INC     DPTR
   \   0004DC   E0           MOVX    A,@DPTR
   \   0004DD   F583         MOV     DPH,A
   \   0004DF   8882         MOV     DPL,R0
   \   0004E1   A3           INC     DPTR
   \   0004E2   A3           INC     DPTR
   \   0004E3   A3           INC     DPTR
   \   0004E4   A3           INC     DPTR
   \   0004E5   A3           INC     DPTR
   \   0004E6   A3           INC     DPTR
   \   0004E7   E0           MOVX    A,@DPTR
   \   0004E8   C3           CLR     C
   \   0004E9   9402         SUBB    A,#0x2
   \   0004EB   4068         JC      ??MAC_CbackEvent_22
    269                  {
    270                    // Send the messsage to a special broadcast queue
    271                    if ( nwk_broadcastSend( (uint8 *)msgPtr ) != SUCCESS )
   \   0004ED                ; Setup parameters for call to function nwk_broadcastSend
   \   0004ED   EE           MOV     A,R6
   \   0004EE   FA           MOV     R2,A
   \   0004EF   EF           MOV     A,R7
   \   0004F0   FB           MOV     R3,A
   \   0004F1   12....       LCALL   ??nwk_broadcastSend?relay
   \   0004F4   E9           MOV     A,R1
   \   0004F5   600D         JZ      ??MAC_CbackEvent_23
    272                    {
    273                      // Drop the message, too many broadcast messages to process
    274                      mac_msg_deallocate( (uint8 **)&pData );
   \   0004F7                ; Setup parameters for call to function mac_msg_deallocate
   \   0004F7   85..82       MOV     DPL,?XSP + 0
   \   0004FA   85..83       MOV     DPH,?XSP + 1
   \   0004FD   AA82         MOV     R2,DPL
   \   0004FF   AB83         MOV     R3,DPH
   \   000501   12....       LCALL   ??mac_msg_deallocate?relay
    275                    }
    276                    return;
   \                     ??MAC_CbackEvent_23:
   \   000504   02....       LJMP    ??MAC_CbackEvent_0 & 0xFFFF
    277                  }
    278                }
    279              }
    280              else if ((event == MAC_MCPS_DATA_CNF) && (pData->hdr.status != MAC_NO_RESOURCES))
   \                     ??MAC_CbackEvent_18:
   \   000507   740C         MOV     A,#0xc
   \   000509   65..         XRL     A,?V0 + 2
   \   00050B   7048         JNZ     ??MAC_CbackEvent_22
   \   00050D   85..82       MOV     DPL,?XSP + 0
   \   000510   85..83       MOV     DPH,?XSP + 1
   \   000513   E0           MOVX    A,@DPTR
   \   000514   F8           MOV     R0,A
   \   000515   A3           INC     DPTR
   \   000516   E0           MOVX    A,@DPTR
   \   000517   F583         MOV     DPH,A
   \   000519   8882         MOV     DPL,R0
   \   00051B   A3           INC     DPTR
   \   00051C   E0           MOVX    A,@DPTR
   \   00051D   641A         XRL     A,#0x1a
   \   00051F   6034         JZ      ??MAC_CbackEvent_22
    281              {
    282                macMcpsDataCnf_t *pCnf = &msgPtr->dataCnf;
   \   000521   EE           MOV     A,R6
   \   000522   F8           MOV     R0,A
   \   000523   EF           MOV     A,R7
   \   000524   F9           MOV     R1,A
    283                
    284                if (pCnf->pDataReq->internal.txOptions & MAC_TXOPTION_ACK)
   \   000525   8882         MOV     DPL,R0
   \   000527   8983         MOV     DPH,R1
   \   000529   A3           INC     DPTR
   \   00052A   A3           INC     DPTR
   \   00052B   A3           INC     DPTR
   \   00052C   E0           MOVX    A,@DPTR
   \   00052D   240E         ADD     A,#0xe
   \   00052F   FA           MOV     R2,A
   \   000530   A3           INC     DPTR
   \   000531   E0           MOVX    A,@DPTR
   \   000532   3400         ADDC    A,#0x0
   \   000534   FB           MOV     R3,A
   \   000535   8A82         MOV     DPL,R2
   \   000537   8B83         MOV     DPH,R3
   \   000539   E0           MOVX    A,@DPTR
   \   00053A   A2E0         MOV     C,0xE0 /* A   */.0
   \   00053C   5017         JNC     ??MAC_CbackEvent_22
    285                {
    286                  // See if LQI needs adjustment due to frame correlation
    287                  ZMacLqiAdjust( pCnf->correlation, &pCnf->mpduLinkQuality );
   \   00053E                ; Setup parameters for call to function ZMacLqiAdjust
   \   00053E   E8           MOV     A,R0
   \   00053F   240C         ADD     A,#0xc
   \   000541   FA           MOV     R2,A
   \   000542   E9           MOV     A,R1
   \   000543   3400         ADDC    A,#0x0
   \   000545   FB           MOV     R3,A
   \   000546   E8           MOV     A,R0
   \   000547   240D         ADD     A,#0xd
   \   000549   F582         MOV     DPL,A
   \   00054B   E9           MOV     A,R1
   \   00054C   3400         ADDC    A,#0x0
   \   00054E   F583         MOV     DPH,A
   \   000550   E0           MOVX    A,@DPTR
   \   000551   F9           MOV     R1,A
   \   000552   12....       LCALL   ??ZMacLqiAdjust?relay
    288                }
    289              }
    290          
    291              // Application hasn't already processed this message. Send it to NWK task.
    292              osal_msg_send( NWK_TaskID, (uint8 *)msgPtr );
   \                     ??MAC_CbackEvent_22:
   \   000555                ; Setup parameters for call to function osal_msg_send
   \   000555   EE           MOV     A,R6
   \   000556   FA           MOV     R2,A
   \   000557   EF           MOV     A,R7
   \   000558   FB           MOV     R3,A
   \   000559   90....       MOV     DPTR,#NWK_TaskID
   \   00055C   E0           MOVX    A,@DPTR
   \   00055D   F9           MOV     R1,A
   \   00055E   12....       LCALL   ??osal_msg_send?relay
   \   000561   E9           MOV     A,R1
    293            }
    294          
    295            if ((event == MAC_MCPS_DATA_CNF) && (pData->dataCnf.pDataReq != NULL))
   \                     ??MAC_CbackEvent_17:
   \   000562   740C         MOV     A,#0xc
   \   000564   65..         XRL     A,?V0 + 2
   \   000566   702C         JNZ     ??MAC_CbackEvent_0
   \   000568   85..82       MOV     DPL,?XSP + 0
   \   00056B   85..83       MOV     DPH,?XSP + 1
   \   00056E   E0           MOVX    A,@DPTR
   \   00056F   F8           MOV     R0,A
   \   000570   A3           INC     DPTR
   \   000571   E0           MOVX    A,@DPTR
   \   000572   F583         MOV     DPH,A
   \   000574   8882         MOV     DPL,R0
   \   000576   A3           INC     DPTR
   \   000577   A3           INC     DPTR
   \   000578   A3           INC     DPTR
   \   000579   E0           MOVX    A,@DPTR
   \   00057A   F8           MOV     R0,A
   \   00057B   A3           INC     DPTR
   \   00057C   E0           MOVX    A,@DPTR
   \   00057D   F9           MOV     R1,A
   \   00057E   E8           MOV     A,R0
   \   00057F   49           ORL     A,R1
   \   000580   6012         JZ      ??MAC_CbackEvent_0
    296            {
    297              // If the application needs 'pDataReq' then we cannot free it here.
    298              // The application must free it after using it. Note that 'pDataReq'
    299              // is of macMcpsDataReq_t (and not ZMacDataReq_t) type.
    300          
    301              mac_msg_deallocate( (uint8**)&(pData->dataCnf.pDataReq) );
   \   000582                ; Setup parameters for call to function mac_msg_deallocate
   \   000582   85..82       MOV     DPL,?XSP + 0
   \   000585   85..83       MOV     DPH,?XSP + 1
   \   000588   E0           MOVX    A,@DPTR
   \   000589   2403         ADD     A,#0x3
   \   00058B   FA           MOV     R2,A
   \   00058C   A3           INC     DPTR
   \   00058D   E0           MOVX    A,@DPTR
   \   00058E   3400         ADDC    A,#0x0
   \   000590   FB           MOV     R3,A
   \   000591   12....       LCALL   ??mac_msg_deallocate?relay
    302            }
    303          #endif
    304          }
   \                     ??MAC_CbackEvent_0:
   \   000594   7404         MOV     A,#0x4
   \   000596   12....       LCALL   ?DEALLOC_XSTACK8
   \   000599   7F07         MOV     R7,#0x7
   \   00059B   02....       LJMP    ?BANKED_LEAVE_XDATA
   \   00059E                REQUIRE _A_IEN0
    305          #else  // ifdef MT_MAC_CB_FUNC
    306          {
    307            /* Check if MT has subscribed for this callback If so, pass it as an event to MonitorTest */
    308            switch (pData->hdr.event)
    309            {
    310              case MAC_MLME_ASSOCIATE_IND:
    311                if ( _macCallbackSub & CB_ID_NWK_ASSOCIATE_IND )
    312                  nwk_MTCallbackSubNwkAssociateInd ( (ZMacAssociateInd_t *)pData );
    313                break;
    314          
    315              case MAC_MLME_ASSOCIATE_CNF:
    316                if ( _macCallbackSub & CB_ID_NWK_ASSOCIATE_CNF )
    317                  nwk_MTCallbackSubNwkAssociateCnf ( (ZMacAssociateCnf_t *)pData );
    318                break;
    319          
    320              case MAC_MLME_DISASSOCIATE_IND:
    321                if ( _macCallbackSub & CB_ID_NWK_DISASSOCIATE_IND )
    322                  nwk_MTCallbackSubNwkDisassociateInd ( (ZMacDisassociateInd_t *)pData );
    323                break;
    324          
    325              case MAC_MLME_DISASSOCIATE_CNF:
    326                if ( _macCallbackSub & CB_ID_NWK_DISASSOCIATE_CNF )
    327                  nwk_MTCallbackSubNwkDisassociateCnf ( (ZMacDisassociateCnf_t *)pData );
    328                break;
    329          
    330              case MAC_MLME_BEACON_NOTIFY_IND:
    331                if ( _macCallbackSub & CB_ID_NWK_BEACON_NOTIFY_IND )
    332                  nwk_MTCallbackSubNwkBeaconNotifyInd( (ZMacBeaconNotifyInd_t *)pData );
    333                break;
    334          
    335              case MAC_MLME_ORPHAN_IND:
    336                if ( _macCallbackSub & CB_ID_NWK_ORPHAN_IND )
    337                  nwk_MTCallbackSubNwkOrphanInd( (ZMacOrphanInd_t *) pData );
    338                break;
    339          
    340              case MAC_MLME_SCAN_CNF:
    341                if ( _macCallbackSub & CB_ID_NWK_SCAN_CNF )
    342                {
    343                  pData->scanCnf.result.pEnergyDetect = ZMac_ScanBuf;
    344                  nwk_MTCallbackSubNwkScanCnf ( (ZMacScanCnf_t *) pData );
    345                }
    346          
    347                if (ZMac_ScanBuf != NULL)
    348                {
    349                  void *pTmp = ZMac_ScanBuf;
    350                  ZMac_ScanBuf = NULL;
    351                  osal_mem_free(pTmp);
    352                }
    353                break;
    354          
    355              case MAC_MLME_START_CNF:
    356                if ( _macCallbackSub & CB_ID_NWK_START_CNF )
    357                  nwk_MTCallbackSubNwkStartCnf ( pData->hdr.status );
    358                break;
    359          
    360              case MAC_MLME_SYNC_LOSS_IND:
    361                if ( _macCallbackSub & CB_ID_NWK_SYNC_LOSS_IND )
    362                 nwk_MTCallbackSubNwkSyncLossInd( (ZMacSyncLossInd_t *) pData );
    363                break;
    364          
    365              case MAC_MLME_POLL_CNF:
    366                if ( _macCallbackSub & CB_ID_NWK_POLL_CNF )
    367                   nwk_MTCallbackSubNwkPollCnf( pData->hdr.status );
    368                break;
    369          
    370              case MAC_MLME_COMM_STATUS_IND:
    371                if ( _macCallbackSub & CB_ID_NWK_COMM_STATUS_IND )
    372                  nwk_MTCallbackSubCommStatusInd ( (ZMacCommStatusInd_t *) pData );
    373                break;
    374          
    375              case MAC_MCPS_DATA_CNF:
    376                if (pData->dataCnf.pDataReq != NULL)
    377                  mac_msg_deallocate((uint8**)&pData->dataCnf.pDataReq);
    378          
    379                if ( _macCallbackSub & CB_ID_NWK_DATA_CNF )
    380                  nwk_MTCallbackSubNwkDataCnf( (ZMacDataCnf_t *) pData );
    381                break;
    382          
    383              case MAC_MCPS_DATA_IND:
    384                {
    385                  /*
    386                     Data Ind is unconventional: to save an alloc/copy, reuse the MAC
    387                     buffer and re-organize the contents into ZMAC format.
    388                  */
    389                  ZMacDataInd_t *pDataInd = (ZMacDataInd_t *) pData;
    390                  uint8 event, status, len, *msdu;
    391          
    392                  /* Store parameters */
    393                  event = pData->hdr.event;
    394                  status = pData->hdr.status;
    395                  len = pData->dataInd.msdu.len;
    396                  msdu = pData->dataInd.msdu.p;
    397          
    398                  /* Copy security fields */
    399                  osal_memcpy(&pDataInd->Sec, &pData->dataInd.sec, sizeof(ZMacSec_t));
    400                  
    401                  /* Copy mac fields one by one since the two buffers overlap. */
    402                  osal_memcpy(&pDataInd->SrcAddr, &pData->dataInd.mac.srcAddr, sizeof(zAddrType_t));
    403                  osal_memcpy(&pDataInd->DstAddr, &pData->dataInd.mac.dstAddr, sizeof(zAddrType_t));
    404                  pDataInd->Timestamp = pData->dataInd.mac.timestamp;
    405                  pDataInd->Timestamp2 = pData->dataInd.mac.timestamp2;
    406                  pDataInd->SrcPANId = pData->dataInd.mac.srcPanId;
    407                  pDataInd->DstPANId = pData->dataInd.mac.dstPanId;
    408                  pDataInd->mpduLinkQuality = pData->dataInd.mac.mpduLinkQuality;
    409                  pDataInd->Correlation = pData->dataInd.mac.correlation;
    410                  pDataInd->Rssi = pData->dataInd.mac.rssi;
    411                  pDataInd->Dsn = pData->dataInd.mac.dsn;
    412          
    413                  /* Restore parameters */
    414                  pDataInd->hdr.Status = status;
    415                  pDataInd->hdr.Event = event;
    416                  pDataInd->msduLength = len;
    417          
    418                  if (len)
    419                    pDataInd->msdu = msdu;
    420                  else
    421                    pDataInd->msdu = NULL;
    422          
    423                  if ( _macCallbackSub & CB_ID_NWK_DATA_IND )
    424                    nwk_MTCallbackSubNwkDataInd ( pDataInd );
    425                }
    426          
    427                /* free buffer */
    428                mac_msg_deallocate( (uint8 **)&pData );
    429                break;
    430          
    431              case MAC_MCPS_PURGE_CNF:
    432                if ( _macCallbackSub & CB_ID_NWK_PURGE_CNF )
    433                  nwk_MTCallbackSubNwkPurgeCnf( (ZMacPurgeCnf_t *) pData);
    434                break;
    435          
    436              default:
    437                break;
    438            }
    439          }
    440          #endif
    441          
    442          /********************************************************************************************************
    443           * @fn      MAC_CbackCheckPending
    444           *
    445           * @brief   Return number of pending indirect msg
    446           *
    447           * @param   None
    448           *
    449           * @return  Number of indirect msg holding
    450           ********************************************************************************************************/

   \                                 In  segment BANKED_CODE, align 1, keep-with-next
    451          uint8 MAC_CbackCheckPending(void)
   \                     MAC_CbackCheckPending:
    452          {
   \   000000                ; Saved register size: 0
   \   000000                ; Auto size: 0
    453          #if !defined (NONWK)
    454            if ( ZSTACK_ROUTER_BUILD )
    455            {
    456              return (nwkDB_ReturnIndirectHoldingCnt());
    457            }
    458            else
    459            {
    460              return (0);
   \   000000   7900         MOV     R1,#0x0
   \   000002   02....       LJMP    ?BRET
    461            }
    462          #else
    463            return (0);
    464          #endif
    465          }
    466          
    467          /********************************************************************************************************
    468           * @fn      ZMacLqiAdjustMode
    469           *
    470           * @brief   Sets/return LQI adjust mode
    471           *
    472           * @param   mode - LQI_ADJ_GET = return current mode only
    473           *                 LQI_ADJ_OFF = disable LQI adjusts
    474           *                 LQI_ADJ_MODEx = set to LQI adjust MODEx
    475           *
    476           * @return  current LQI adjust mode
    477           ********************************************************************************************************/

   \                                 In  segment BANKED_CODE, align 1, keep-with-next
    478          ZMacLqiAdjust_t ZMacLqiAdjustMode( ZMacLqiAdjust_t mode )
   \                     ZMacLqiAdjustMode:
    479          {
   \   000000   C082         PUSH    DPL
   \   000002   C083         PUSH    DPH
   \   000004                ; Saved register size: 2
   \   000004                ; Auto size: 0
   \   000004   E9           MOV     A,R1
   \   000005   F8           MOV     R0,A
    480            if ( mode != LQI_ADJ_GET )
   \   000006   74FF         MOV     A,#-0x1
   \   000008   68           XRL     A,R0
   \   000009   6005         JZ      ??ZMacLqiAdjustMode_0
    481            {
    482              lqiAdjMode = mode;
   \   00000B   E8           MOV     A,R0
   \   00000C   90....       MOV     DPTR,#lqiAdjMode
   \   00000F   F0           MOVX    @DPTR,A
    483            }
    484            return ( lqiAdjMode );
   \                     ??ZMacLqiAdjustMode_0:
   \   000010   90....       MOV     DPTR,#lqiAdjMode
   \   000013   E0           MOVX    A,@DPTR
   \   000014   F9           MOV     R1,A
   \   000015   D083         POP     DPH
   \   000017   D082         POP     DPL
   \   000019   02....       LJMP    ?BRET
    485          }
    486          
    487          #if !defined NONWK
    488          /********************************************************************************************************
    489           * @fn      ZMacLqiAdjust
    490           *
    491           * @brief   Adjust LQI according to correlation value
    492           *
    493           * @notes - the IEEE 802.15.4 specification provides some general statements on
    494           *          the subject of LQI. Section 6.7.8: "The minimum and maximum LQI values
    495           *          (0x00 and 0xFF) should be associated with the lowest and highest IEEE
    496           *          802.15.4 signals detectable by the receiver, and LQ values should be
    497           *          uniformly distributed between these two limits." Section E.2.3: "The
    498           *          LQI (see 6.7.8) measures the received energy and/or SNR for each
    499           *          received packet. When energy level and SNR information are combined,
    500           *          they can indicate whether a corrupt packet resulted from low signal
    501           *          strength or from high signal strength plus interference."
    502           *        - LQI Adjustment Mode1 provided below is a simple algorithm to use the
    503           *          packet correlation value (related to SNR) to scale incoming LQI value
    504           *          (related to signal strength) to 'derate' noisy packets.
    505           *        - LQI Adjustment Mode2 provided below is a location for a developer to
    506           *          implement their own proprietary LQI adjustment algorithm.
    507           *
    508           * @param   corr - packet correlation value
    509           * @param   lqi  - ptr to link quality (scaled rssi)
    510           *
    511           * @return  *lqi - adjusted link quality
    512           ********************************************************************************************************/

   \                                 In  segment BANKED_CODE, align 1, keep-with-next
    513          static void ZMacLqiAdjust( uint8 corr, uint8 *lqi )
   \                     ZMacLqiAdjust:
    514          {
   \   000000   74F6         MOV     A,#-0xa
   \   000002   12....       LCALL   ?BANKED_ENTER_XDATA
   \   000005                ; Saved register size: 10
   \   000005                ; Auto size: 0
   \   000005   E9           MOV     A,R1
   \   000006   FE           MOV     R6,A
   \   000007   EA           MOV     A,R2
   \   000008   FC           MOV     R4,A
   \   000009   EB           MOV     A,R3
   \   00000A   FD           MOV     R5,A
    515            if ( lqiAdjMode != LQI_ADJ_OFF )
   \   00000B   90....       MOV     DPTR,#lqiAdjMode
   \   00000E   E0           MOVX    A,@DPTR
   \   00000F   606A         JZ      ??ZMacLqiAdjust_0
    516            {
    517              uint16 adjLqi = *lqi;
   \   000011   8C82         MOV     DPL,R4
   \   000013   8D83         MOV     DPH,R5
   \   000015   E0           MOVX    A,@DPTR
   \   000016   F8           MOV     R0,A
   \   000017   7900         MOV     R1,#0x0
    518          
    519              // Keep correlation within theoretical limits
    520              if ( corr < LQI_CORR_MIN )
   \   000019   EE           MOV     A,R6
   \   00001A   C3           CLR     C
   \   00001B   9432         SUBB    A,#0x32
   \   00001D   5004         JNC     ??ZMacLqiAdjust_1
    521              {
    522                 corr = LQI_CORR_MIN;
   \   00001F   7E32         MOV     R6,#0x32
   \   000021   8008         SJMP    ??ZMacLqiAdjust_2
    523              }
    524              else if ( corr > LQI_CORR_MAX )
   \                     ??ZMacLqiAdjust_1:
   \   000023   EE           MOV     A,R6
   \   000024   C3           CLR     C
   \   000025   946F         SUBB    A,#0x6f
   \   000027   4002         JC      ??ZMacLqiAdjust_2
    525              {
    526                 corr = LQI_CORR_MAX;
   \   000029   7E6E         MOV     R6,#0x6e
    527              }
    528          
    529              if ( lqiAdjMode == LQI_ADJ_MODE1 )
   \                     ??ZMacLqiAdjust_2:
   \   00002B   90....       MOV     DPTR,#lqiAdjMode
   \   00002E   E0           MOVX    A,@DPTR
   \   00002F   6401         XRL     A,#0x1
   \   000031   7035         JNZ     ??ZMacLqiAdjust_3
    530              {
    531                /* MODE1 - linear scaling of incoming LQI with a "correlation percentage"
    532                           which is computed from the incoming correlation value between
    533                           theorectical minimum/maximum values. This is a very simple way
    534                           of 'derating' the incoming LQI as correlation value drops. */
    535                adjLqi = (adjLqi * (corr - LQI_CORR_MIN)) / (LQI_CORR_MAX - LQI_CORR_MIN);
   \   000033   8E..         MOV     ?V0 + 0,R6
   \   000035   75..00       MOV     ?V0 + 1,#0x0
   \   000038   E5..         MOV     A,?V0 + 0
   \   00003A   24CE         ADD     A,#-0x32
   \   00003C   F5..         MOV     ?V0 + 0,A
   \   00003E   E5..         MOV     A,?V0 + 1
   \   000040   34FF         ADDC    A,#-0x1
   \   000042   F5..         MOV     ?V0 + 1,A
   \   000044   E8           MOV     A,R0
   \   000045   85..F0       MOV     B,?V0 + 0
   \   000048   A4           MUL     AB
   \   000049   C8           XCH     A,R0
   \   00004A   AAF0         MOV     R2,B
   \   00004C   85..F0       MOV     B,?V0 + 1
   \   00004F   A4           MUL     AB
   \   000050   2A           ADD     A,R2
   \   000051   FA           MOV     R2,A
   \   000052   85..F0       MOV     B,?V0 + 0
   \   000055   E9           MOV     A,R1
   \   000056   A4           MUL     AB
   \   000057   2A           ADD     A,R2
   \   000058   F9           MOV     R1,A
   \   000059   7A3C         MOV     R2,#0x3c
   \   00005B   7B00         MOV     R3,#0x0
   \   00005D   12....       LCALL   ?US_DIV_MOD
   \   000060   88..         MOV     ?V0 + 0,R0
   \   000062   89..         MOV     ?V0 + 1,R1
   \   000064   A8..         MOV     R0,?V0 + 0
   \   000066   A9..         MOV     R1,?V0 + 1
    536              }
    537              else if ( lqiAdjMode == LQI_ADJ_MODE2 )
    538              {
    539                /* MODE2 - location for developer to implement a proprietary algorithm */
    540              }
    541          
    542              // Replace incoming LQI with scaled value
    543              *lqi = (adjLqi > 255) ? 255 : (uint8)adjLqi;
   \                     ??ZMacLqiAdjust_3:
   \   000068   C3           CLR     C
   \   000069   E8           MOV     A,R0
   \   00006A   9400         SUBB    A,#0x0
   \   00006C   E9           MOV     A,R1
   \   00006D   9401         SUBB    A,#0x1
   \   00006F   4004         JC      ??ZMacLqiAdjust_4
   \   000071   74FF         MOV     A,#-0x1
   \   000073   8001         SJMP    ??ZMacLqiAdjust_5
   \                     ??ZMacLqiAdjust_4:
   \   000075   E8           MOV     A,R0
   \                     ??ZMacLqiAdjust_5:
   \   000076   8C82         MOV     DPL,R4
   \   000078   8D83         MOV     DPH,R5
   \   00007A   F0           MOVX    @DPTR,A
    544            }
    545          }
   \                     ??ZMacLqiAdjust_0:
   \   00007B   7F02         MOV     R7,#0x2
   \   00007D   02....       LJMP    ?BANKED_LEAVE_XDATA

   \                                 In  segment BANK_RELAYS, align 1
   \                     ??MAC_CbackEvent?relay:
   \   000000   12....       LCALL   ?BDISPATCH
   \   000003   ......       DC24    MAC_CbackEvent

   \                                 In  segment BANK_RELAYS, align 1
   \                     ??MAC_CbackCheckPending?relay:
   \   000000   12....       LCALL   ?BDISPATCH
   \   000003   ......       DC24    MAC_CbackCheckPending

   \                                 In  segment BANK_RELAYS, align 1
   \                     ??ZMacLqiAdjustMode?relay:
   \   000000   12....       LCALL   ?BDISPATCH
   \   000003   ......       DC24    ZMacLqiAdjustMode

   \                                 In  segment BANK_RELAYS, align 1
   \                     ??ZMacLqiAdjust?relay:
   \   000000   12....       LCALL   ?BDISPATCH
   \   000003   ......       DC24    ZMacLqiAdjust
    546          #endif

   Maximum stack usage in bytes:

     Function                ISTACK PSTACK XSTACK
     --------                ------ ------ ------
     MAC_CbackCheckPending       0      0      0
     MAC_CbackEvent              0      0     22
       -> MAC_MlmeGetReq         0      0     38
       -> mac_msg_deallocate     0      0     38
       -> osal_msg_allocate      0      0     38
       -> mac_msg_deallocate     0      0     38
       -> osal_msg_allocate      0      0     38
       -> osal_memcpy            0      0     44
       -> osal_memcpy            0      0     44
       -> osal_memcpy            0      0     44
       -> osal_memcpy            0      0     44
       -> osal_memcpy            0      0     44
       -> osal_mem_free          0      0     38
       -> mac_msg_deallocate     0      0     38
       -> ZMacLqiAdjust          0      0     38
       -> nwk_broadcastSend      0      0     38
       -> mac_msg_deallocate     0      0     38
       -> ZMacLqiAdjust          0      0     38
       -> osal_msg_send          0      0     38
       -> mac_msg_deallocate     0      0     38
     ZMacLqiAdjust               1      0     29
     ZMacLqiAdjustMode           2      0      0


   Segment part sizes:

     Function/Label                Bytes
     --------------                -----
     _A_IEN0                          1
     zmacCBSizeTable                 17
     lqiAdjMode                       1
     pZMac_AppCallback                2
     MAC_CbackEvent                1438
     MAC_CbackCheckPending            5
     ZMacLqiAdjustMode               28
     ZMacLqiAdjust                  128
     ??MAC_CbackEvent?relay           6
     ??MAC_CbackCheckPending?relay    6
     ??ZMacLqiAdjustMode?relay        6
     ??ZMacLqiAdjust?relay            6

 
 1 599 bytes in segment BANKED_CODE
    24 bytes in segment BANK_RELAYS
    17 bytes in segment CODE_C
     1 byte  in segment SFR_AN
     3 bytes in segment XDATA_Z
 
 1 640 bytes of CODE  memory
     0 bytes of DATA  memory (+ 1 byte shared)
     3 bytes of XDATA memory

Errors: none
Warnings: none
